#
# There is insufficient memory for the Java Runtime Environment to continue.
# Native memory allocation (malloc) failed to allocate 731376 bytes for Chunk::new
# Possible reasons:
#   The system is out of physical RAM or swap space
#   The process is running with CompressedOops enabled, and the Java Heap may be blocking the growth of the native heap
# Possible solutions:
#   Reduce memory load on the system
#   Increase physical memory or swap space
#   Check if swap backing store is full
#   Decrease Java heap size (-Xmx/-Xms)
#   Decrease number of Java threads
#   Decrease Java thread stack sizes (-Xss)
#   Set larger code cache with -XX:ReservedCodeCacheSize=
#   JVM is running with Unscaled Compressed Oops mode in which the Java heap is
#     placed in the first 4GB address space. The Java Heap base address is the
#     maximum limit for the native heap growth. Please use -XX:HeapBaseMinAddress
#     to set the Java Heap base and to place the Java Heap above 4GB virtual address.
# This output file may be truncated or incomplete.
#
#  Out of Memory Error (src/hotspot/share/memory/arena.cpp:197), pid=6764, tid=31180
#
# JRE version: OpenJDK Runtime Environment (11.0.15) (build 11.0.15+0-b2043.56-9505619)
# Java VM: OpenJDK 64-Bit Server VM (11.0.15+0-b2043.56-9505619, mixed mode, tiered, compressed oops, g1 gc, windows-amd64)
# No core dump will be written. Minidumps are not enabled by default on client versions of Windows
#

---------------  S U M M A R Y ------------

Command Line: --add-opens=java.base/java.util=ALL-UNNAMED --add-opens=java.base/java.lang=ALL-UNNAMED --add-opens=java.base/java.lang.invoke=ALL-UNNAMED --add-opens=java.base/java.util=ALL-UNNAMED --add-opens=java.prefs/java.util.prefs=ALL-UNNAMED --add-opens=java.prefs/java.util.prefs=ALL-UNNAMED --add-opens=java.base/java.nio.charset=ALL-UNNAMED --add-opens=java.base/java.net=ALL-UNNAMED --add-opens=java.base/java.util.concurrent.atomic=ALL-UNNAMED -Xmx2048m -Dfile.encoding=UTF-8 -Duser.country=ID -Duser.language=en -Duser.variant org.gradle.launcher.daemon.bootstrap.GradleDaemon 7.5

Host: AMD Ryzen 5 4600H with Radeon Graphics         , 12 cores, 15G,  Windows 11 , 64 bit Build 22621 (10.0.22621.1635)
Time: Sat Jun 10 17:04:16 2023 SE Asia Standard Time elapsed time: 32.240293 seconds (0d 0h 0m 32s)

---------------  T H R E A D  ---------------

Current thread (0x000001abf434a800):  JavaThread "C2 CompilerThread0" daemon [_thread_in_native, id=31180, stack(0x0000008275300000,0x0000008275400000)]


Current CompileTask:
C2:  32240 13538       4       org.gradle.api.internal.artifacts.ModuleComponentSelectorSerializer::read (50 bytes)

Stack: [0x0000008275300000,0x0000008275400000]
Native frames: (J=compiled Java code, j=interpreted, Vv=VM code, C=native code)
V  [jvm.dll+0x64135a]
V  [jvm.dll+0x7d39f9]
V  [jvm.dll+0x7d51b9]
V  [jvm.dll+0x7d58a3]
V  [jvm.dll+0x2691c5]
V  [jvm.dll+0xc1a5c]
V  [jvm.dll+0xc200c]
V  [jvm.dll+0x2da2c2]
V  [jvm.dll+0x54cad9]
V  [jvm.dll+0x220c9d]
V  [jvm.dll+0x222d45]
V  [jvm.dll+0x220384]
V  [jvm.dll+0x19e851]
V  [jvm.dll+0x230479]
V  [jvm.dll+0x22e5ef]
V  [jvm.dll+0x794de1]
V  [jvm.dll+0x78dc24]
V  [jvm.dll+0x6400f6]
C  [ucrtbase.dll+0x29363]
C  [KERNEL32.DLL+0x126ad]
C  [ntdll.dll+0x5a9f8]


---------------  P R O C E S S  ---------------

Threads class SMR info:
_java_thread_list=0x000001abfa1a1a40, length=49, elements={
0x000001abd9123000, 0x000001abf3a39000, 0x000001abf3a3a000, 0x000001abf4341800,
0x000001abf4342800, 0x000001abf4343800, 0x000001abf434a800, 0x000001abf434c000,
0x000001abf434f800, 0x000001abf44bb000, 0x000001abf5a52800, 0x000001abf55ad000,
0x000001abf5ae2800, 0x000001abf5b1a800, 0x000001abf617f800, 0x000001abf67d5000,
0x000001abf67d3800, 0x000001abf67cf800, 0x000001abf67d6000, 0x000001abf67d0000,
0x000001abf67d2800, 0x000001abf6bd7800, 0x000001abf6bd2000, 0x000001abf6bd7000,
0x000001abf6bd6000, 0x000001abf9f88800, 0x000001abf9f88000, 0x000001abfa481000,
0x000001abfa47c000, 0x000001abfa482800, 0x000001abfa47d000, 0x000001abfa47d800,
0x000001abfa483800, 0x000001abfa47e800, 0x000001abf6fe8800, 0x000001abf6feb000,
0x000001abfbd4b000, 0x000001abfbd45800, 0x000001abfbd4c000, 0x000001abfbd4a000,
0x000001abfbd49800, 0x000001ab80e33000, 0x000001ab80e31000, 0x000001abfbd4c800,
0x000001abfbd47000, 0x000001abfbd48800, 0x000001abfbd4d800, 0x000001abfbd47800,
0x000001abfbd52800
}

Java Threads: ( => current thread )
  0x000001abd9123000 JavaThread "main" [_thread_blocked, id=19584, stack(0x0000008274700000,0x0000008274800000)]
  0x000001abf3a39000 JavaThread "Reference Handler" daemon [_thread_blocked, id=24488, stack(0x0000008274e00000,0x0000008274f00000)]
  0x000001abf3a3a000 JavaThread "Finalizer" daemon [_thread_blocked, id=29996, stack(0x0000008274f00000,0x0000008275000000)]
  0x000001abf4341800 JavaThread "Signal Dispatcher" daemon [_thread_blocked, id=9144, stack(0x0000008275000000,0x0000008275100000)]
  0x000001abf4342800 JavaThread "Attach Listener" daemon [_thread_blocked, id=3816, stack(0x0000008275100000,0x0000008275200000)]
  0x000001abf4343800 JavaThread "Service Thread" daemon [_thread_blocked, id=12852, stack(0x0000008275200000,0x0000008275300000)]
=>0x000001abf434a800 JavaThread "C2 CompilerThread0" daemon [_thread_in_native, id=31180, stack(0x0000008275300000,0x0000008275400000)]
  0x000001abf434c000 JavaThread "C1 CompilerThread0" daemon [_thread_in_vm, id=14476, stack(0x0000008275400000,0x0000008275500000)]
  0x000001abf434f800 JavaThread "Sweeper thread" daemon [_thread_blocked, id=19996, stack(0x0000008275500000,0x0000008275600000)]
  0x000001abf44bb000 JavaThread "Common-Cleaner" daemon [_thread_blocked, id=2892, stack(0x0000008275600000,0x0000008275700000)]
  0x000001abf5a52800 JavaThread "Daemon health stats" [_thread_blocked, id=25636, stack(0x0000008275e00000,0x0000008275f00000)]
  0x000001abf55ad000 JavaThread "Incoming local TCP Connector on port 57843" [_thread_in_native, id=14028, stack(0x0000008275800000,0x0000008275900000)]
  0x000001abf5ae2800 JavaThread "Daemon periodic checks" [_thread_blocked, id=34236, stack(0x0000008275d00000,0x0000008275e00000)]
  0x000001abf5b1a800 JavaThread "Daemon" [_thread_blocked, id=14824, stack(0x0000008275f00000,0x0000008276000000)]
  0x000001abf617f800 JavaThread "Daemon worker" [_thread_in_Java, id=12152, stack(0x0000008276200000,0x0000008276300000)]
  0x000001abf67d5000 JavaThread "Cache worker for journal cache (C:\Users\Abel Agustian\.gradle\caches\journal-1)" [_thread_blocked, id=32696, stack(0x0000008276600000,0x0000008276700000)]
  0x000001abf67d3800 JavaThread "File lock request listener" [_thread_in_native, id=12464, stack(0x0000008276700000,0x0000008276800000)]
  0x000001abf67cf800 JavaThread "Cache worker for file hash cache (C:\Users\Abel Agustian\.gradle\caches\7.5\fileHashes)" [_thread_blocked, id=25652, stack(0x0000008276800000,0x0000008276900000)]
  0x000001abf67d6000 JavaThread "File watcher server" daemon [_thread_in_native, id=27252, stack(0x0000008277100000,0x0000008277200000)]
  0x000001abf67d0000 JavaThread "File watcher consumer" daemon [_thread_blocked, id=10328, stack(0x0000008277200000,0x0000008277300000)]
  0x000001abf67d2800 JavaThread "Cache worker for file content cache (C:\Users\Abel Agustian\.gradle\caches\7.5\fileContent)" [_thread_blocked, id=19432, stack(0x0000008277500000,0x0000008277600000)]
  0x000001abf6bd7800 JavaThread "Cache worker for execution history cache (C:\Users\Abel Agustian\.gradle\caches\7.5\executionHistory)" [_thread_blocked, id=20432, stack(0x0000008277800000,0x0000008277900000)]
  0x000001abf6bd2000 JavaThread "jar transforms" [_thread_blocked, id=22276, stack(0x0000008277900000,0x0000008277a00000)]
  0x000001abf6bd7000 JavaThread "jar transforms Thread 2" [_thread_blocked, id=19060, stack(0x0000008277a00000,0x0000008277b00000)]
  0x000001abf6bd6000 JavaThread "jar transforms Thread 3" [_thread_blocked, id=18084, stack(0x0000008277c00000,0x0000008277d00000)]
  0x000001abf9f88800 JavaThread "jar transforms Thread 4" [_thread_blocked, id=28516, stack(0x0000008277d00000,0x0000008277e00000)]
  0x000001abf9f88000 JavaThread "jar transforms Thread 5" [_thread_blocked, id=1252, stack(0x0000008277f00000,0x0000008278000000)]
  0x000001abfa481000 JavaThread "jar transforms Thread 6" [_thread_blocked, id=29076, stack(0x000000827f900000,0x000000827fa00000)]
  0x000001abfa47c000 JavaThread "jar transforms Thread 7" [_thread_blocked, id=17080, stack(0x000000827fa00000,0x000000827fb00000)]
  0x000001abfa482800 JavaThread "jar transforms Thread 8" [_thread_blocked, id=14164, stack(0x000000827fb00000,0x000000827fc00000)]
  0x000001abfa47d000 JavaThread "jar transforms Thread 9" [_thread_blocked, id=360, stack(0x000000827fc00000,0x000000827fd00000)]
  0x000001abfa47d800 JavaThread "jar transforms Thread 10" [_thread_blocked, id=6100, stack(0x000000827fd00000,0x000000827fe00000)]
  0x000001abfa483800 JavaThread "jar transforms Thread 11" [_thread_blocked, id=31488, stack(0x000000827fe00000,0x000000827ff00000)]
  0x000001abfa47e800 JavaThread "jar transforms Thread 12" [_thread_blocked, id=10760, stack(0x000000827ff00000,0x0000008280000000)]
  0x000001abf6fe8800 JavaThread "Memory manager" [_thread_blocked, id=15416, stack(0x0000008200400000,0x0000008200500000)]
  0x000001abf6feb000 JavaThread "included builds" [_thread_blocked, id=5040, stack(0x0000008200500000,0x0000008200600000)]
  0x000001abfbd4b000 JavaThread "Handler for socket connection from /127.0.0.1:57843 to /127.0.0.1:57896" [_thread_in_native, id=17296, stack(0x0000008200700000,0x0000008200800000)]
  0x000001abfbd45800 JavaThread "Cancel handler" [_thread_blocked, id=29080, stack(0x0000008200800000,0x0000008200900000)]
  0x000001abfbd4c000 JavaThread "Asynchronous log dispatcher for DefaultDaemonConnection: socket connection from /127.0.0.1:57843 to /127.0.0.1:57896" [_thread_blocked, id=29024, stack(0x0000008200900000,0x0000008200a00000)]
  0x000001abfbd4a000 JavaThread "Stdin handler" [_thread_blocked, id=10004, stack(0x0000008200a00000,0x0000008200b00000)]
  0x000001abfbd49800 JavaThread "Daemon client event forwarder" [_thread_blocked, id=21936, stack(0x0000008200b00000,0x0000008200c00000)]
  0x000001ab80e33000 JavaThread "C2 CompilerThread1" daemon [_thread_in_native, id=18308, stack(0x0000008200c00000,0x0000008200d00000)]
  0x000001ab80e31000 JavaThread "C2 CompilerThread2" daemon [_thread_in_native, id=15392, stack(0x0000008200d00000,0x0000008200e00000)]
  0x000001abfbd4c800 JavaThread "Cache worker for checksums cache (D:\Mbako-main\Mbako-main\MD_Path\Mbako\.gradle\7.5\checksums)" [_thread_blocked, id=31956, stack(0x0000008200e00000,0x0000008200f00000)]
  0x000001abfbd47000 JavaThread "Cache worker for cache directory md-rule (C:\Users\Abel Agustian\.gradle\caches\7.5\md-rule)" [_thread_blocked, id=32704, stack(0x0000008200f00000,0x0000008201000000)]
  0x000001abfbd48800 JavaThread "Cache worker for file hash cache (D:\Mbako-main\Mbako-main\MD_Path\Mbako\.gradle\7.5\fileHashes)" [_thread_blocked, id=7572, stack(0x0000008201000000,0x0000008201100000)]
  0x000001abfbd4d800 JavaThread "Cache worker for cache directory md-supplier (C:\Users\Abel Agustian\.gradle\caches\7.5\md-supplier)" [_thread_blocked, id=29948, stack(0x0000008201100000,0x0000008201200000)]
  0x000001abfbd47800 JavaThread "Cache worker for dependencies-accessors (D:\Mbako-main\Mbako-main\MD_Path\Mbako\.gradle\7.5\dependencies-accessors)" [_thread_blocked, id=16268, stack(0x0000008201200000,0x0000008201300000)]
  0x000001abfbd52800 JavaThread "Cache worker for Build Output Cleanup Cache (D:\Mbako-main\Mbako-main\MD_Path\Mbako\.gradle\buildOutputCleanup)" [_thread_blocked, id=34620, stack(0x0000008201300000,0x0000008201400000)]

Other Threads:
  0x000001abf42f6800 VMThread "VM Thread" [stack: 0x0000008274d00000,0x0000008274e00000] [id=7496]
  0x000001abf44c4000 WatcherThread [stack: 0x0000008275700000,0x0000008275800000] [id=20264]
  0x000001abd913d000 GCTaskThread "GC Thread#0" [stack: 0x0000008274800000,0x0000008274900000] [id=16360]
  0x000001abf54ef000 GCTaskThread "GC Thread#1" [stack: 0x0000008275900000,0x0000008275a00000] [id=28244]
  0x000001abf5239800 GCTaskThread "GC Thread#2" [stack: 0x0000008275a00000,0x0000008275b00000] [id=23892]
  0x000001abf523a000 GCTaskThread "GC Thread#3" [stack: 0x0000008275b00000,0x0000008275c00000] [id=7504]
  0x000001abf4bd1000 GCTaskThread "GC Thread#4" [stack: 0x0000008275c00000,0x0000008275d00000] [id=34788]
  0x000001abf5f08800 GCTaskThread "GC Thread#5" [stack: 0x0000008276900000,0x0000008276a00000] [id=17228]
  0x000001abf62a5000 GCTaskThread "GC Thread#6" [stack: 0x0000008276a00000,0x0000008276b00000] [id=16416]
  0x000001abf5b39800 GCTaskThread "GC Thread#7" [stack: 0x0000008276b00000,0x0000008276c00000] [id=10608]
  0x000001abf69e1800 GCTaskThread "GC Thread#8" [stack: 0x0000008276c00000,0x0000008276d00000] [id=3376]
  0x000001abf69e2800 GCTaskThread "GC Thread#9" [stack: 0x0000008276d00000,0x0000008276e00000] [id=1516]
  0x000001abd9172000 ConcurrentGCThread "G1 Main Marker" [stack: 0x0000008274900000,0x0000008274a00000] [id=24956]
  0x000001abd9173000 ConcurrentGCThread "G1 Conc#0" [stack: 0x0000008274a00000,0x0000008274b00000] [id=19860]
  0x000001abf4bd2000 ConcurrentGCThread "G1 Conc#1" [stack: 0x0000008276e00000,0x0000008276f00000] [id=26176]
  0x000001abf6925800 ConcurrentGCThread "G1 Conc#2" [stack: 0x0000008276f00000,0x0000008277000000] [id=19904]
  0x000001abf392b800 ConcurrentGCThread "G1 Refine#0" [stack: 0x0000008274b00000,0x0000008274c00000] [id=27988]
  0x000001abf9e60800 ConcurrentGCThread "G1 Refine#1" [stack: 0x0000008200000000,0x0000008200100000] [id=22220]
  0x000001abfb4d3800 ConcurrentGCThread "G1 Refine#2" [stack: 0x0000008200100000,0x0000008200200000] [id=18184]
  0x000001abfb790000 ConcurrentGCThread "G1 Refine#3" [stack: 0x0000008200200000,0x0000008200300000] [id=33912]
  0x000001abf392c800 ConcurrentGCThread "G1 Young RemSet Sampling" [stack: 0x0000008274c00000,0x0000008274d00000] [id=8180]

Threads with active compile tasks:
C2 CompilerThread0    32259 13538       4       org.gradle.api.internal.artifacts.ModuleComponentSelectorSerializer::read (50 bytes)
C1 CompilerThread0    32259 13584       3       org.gradle.api.internal.artifacts.ivyservice.resolveengine.oldresult.DefaultResolvedConfigurationBuilder::newResolvedDependency (20 bytes)
C2 CompilerThread1    32259 13569       4       org.gradle.internal.io.StreamByteBuffer::readFrom (57 bytes)
C2 CompilerThread2    32259 13576       4       com.google.common.collect.AbstractIterator::tryToComputeNext (36 bytes)

VM state:not at safepoint (normal execution)

VM Mutex/Monitor currently owned by a thread: None

Heap address: 0x0000000080000000, size: 2048 MB, Compressed Oops mode: 32-bit
Narrow klass base: 0x0000000000000000, Narrow klass shift: 3
Compressed class space size: 1073741824 Address: 0x0000000100000000

Heap:
 garbage-first heap   total 253952K, used 187482K [0x0000000080000000, 0x0000000100000000)
  region size 1024K, 61 young (62464K), 6 survivors (6144K)
 Metaspace       used 98114K, capacity 101058K, committed 101788K, reserved 1136640K
  class space    used 12692K, capacity 13778K, committed 14060K, reserved 1048576K
Heap Regions: E=young(eden), S=young(survivor), O=old, HS=humongous(starts), HC=humongous(continues), CS=collection set, F=free, A=archive, TAMS=top-at-mark-start (previous, next)
|   0|0x0000000080000000, 0x0000000080100000, 0x0000000080100000|100%| O|  |TAMS 0x0000000080100000, 0x0000000080000000| Untracked 
|   1|0x0000000080100000, 0x0000000080200000, 0x0000000080200000|100%| O|  |TAMS 0x0000000080200000, 0x0000000080100000| Untracked 
|   2|0x0000000080200000, 0x0000000080300000, 0x0000000080300000|100%| O|  |TAMS 0x0000000080300000, 0x0000000080200000| Untracked 
|   3|0x0000000080300000, 0x0000000080400000, 0x0000000080400000|100%|HS|  |TAMS 0x0000000080400000, 0x0000000080300000| Complete 
|   4|0x0000000080400000, 0x0000000080500000, 0x0000000080500000|100%|HC|  |TAMS 0x0000000080500000, 0x0000000080400000| Complete 
|   5|0x0000000080500000, 0x0000000080600000, 0x0000000080600000|100%|HC|  |TAMS 0x0000000080600000, 0x0000000080500000| Complete 
|   6|0x0000000080600000, 0x0000000080700000, 0x0000000080700000|100%| O|  |TAMS 0x0000000080700000, 0x0000000080600000| Untracked 
|   7|0x0000000080700000, 0x0000000080800000, 0x0000000080800000|100%| O|  |TAMS 0x0000000080800000, 0x0000000080700000| Untracked 
|   8|0x0000000080800000, 0x0000000080900000, 0x0000000080900000|100%| O|  |TAMS 0x0000000080900000, 0x0000000080800000| Untracked 
|   9|0x0000000080900000, 0x0000000080a00000, 0x0000000080a00000|100%| O|  |TAMS 0x0000000080a00000, 0x0000000080900000| Untracked 
|  10|0x0000000080a00000, 0x0000000080b00000, 0x0000000080b00000|100%| O|  |TAMS 0x0000000080b00000, 0x0000000080a00000| Untracked 
|  11|0x0000000080b00000, 0x0000000080c00000, 0x0000000080c00000|100%| O|  |TAMS 0x0000000080c00000, 0x0000000080b00000| Untracked 
|  12|0x0000000080c00000, 0x0000000080d00000, 0x0000000080d00000|100%| O|  |TAMS 0x0000000080d00000, 0x0000000080c00000| Untracked 
|  13|0x0000000080d00000, 0x0000000080e00000, 0x0000000080e00000|100%| O|  |TAMS 0x0000000080e00000, 0x0000000080d00000| Untracked 
|  14|0x0000000080e00000, 0x0000000080f00000, 0x0000000080f00000|100%| O|  |TAMS 0x0000000080f00000, 0x0000000080e00000| Untracked 
|  15|0x0000000080f00000, 0x0000000081000000, 0x0000000081000000|100%| O|  |TAMS 0x0000000081000000, 0x0000000080f00000| Untracked 
|  16|0x0000000081000000, 0x0000000081100000, 0x0000000081100000|100%| O|  |TAMS 0x0000000081100000, 0x0000000081000000| Untracked 
|  17|0x0000000081100000, 0x0000000081200000, 0x0000000081200000|100%|HS|  |TAMS 0x0000000081200000, 0x0000000081100000| Complete 
|  18|0x0000000081200000, 0x0000000081300000, 0x0000000081300000|100%|HS|  |TAMS 0x0000000081300000, 0x0000000081200000| Complete 
|  19|0x0000000081300000, 0x0000000081400000, 0x0000000081400000|100%|HS|  |TAMS 0x0000000081400000, 0x0000000081300000| Complete 
|  20|0x0000000081400000, 0x0000000081500000, 0x0000000081500000|100%|HC|  |TAMS 0x0000000081500000, 0x0000000081400000| Complete 
|  21|0x0000000081500000, 0x0000000081600000, 0x0000000081600000|100%|HS|  |TAMS 0x0000000081600000, 0x0000000081500000| Complete 
|  22|0x0000000081600000, 0x0000000081700000, 0x0000000081700000|100%|HC|  |TAMS 0x0000000081700000, 0x0000000081600000| Complete 
|  23|0x0000000081700000, 0x0000000081800000, 0x0000000081800000|100%|HC|  |TAMS 0x0000000081800000, 0x0000000081700000| Complete 
|  24|0x0000000081800000, 0x0000000081900000, 0x0000000081900000|100%|HC|  |TAMS 0x0000000081900000, 0x0000000081800000| Complete 
|  25|0x0000000081900000, 0x0000000081a00000, 0x0000000081a00000|100%| O|  |TAMS 0x0000000081a00000, 0x0000000081900000| Untracked 
|  26|0x0000000081a00000, 0x0000000081b00000, 0x0000000081b00000|100%| O|  |TAMS 0x0000000081b00000, 0x0000000081a00000| Untracked 
|  27|0x0000000081b00000, 0x0000000081c00000, 0x0000000081c00000|100%| O|  |TAMS 0x0000000081c00000, 0x0000000081b00000| Untracked 
|  28|0x0000000081c00000, 0x0000000081cffff8, 0x0000000081d00000| 99%| O|  |TAMS 0x0000000081cffff8, 0x0000000081c00000| Untracked 
|  29|0x0000000081d00000, 0x0000000081e00000, 0x0000000081e00000|100%| O|  |TAMS 0x0000000081e00000, 0x0000000081d00000| Untracked 
|  30|0x0000000081e00000, 0x0000000081f00000, 0x0000000081f00000|100%| O|  |TAMS 0x0000000081f00000, 0x0000000081e00000| Untracked 
|  31|0x0000000081f00000, 0x0000000082000000, 0x0000000082000000|100%| O|  |TAMS 0x0000000082000000, 0x0000000081f00000| Untracked 
|  32|0x0000000082000000, 0x0000000082100000, 0x0000000082100000|100%| O|  |TAMS 0x0000000082100000, 0x0000000082000000| Untracked 
|  33|0x0000000082100000, 0x0000000082200000, 0x0000000082200000|100%| O|  |TAMS 0x0000000082200000, 0x0000000082100000| Untracked 
|  34|0x0000000082200000, 0x0000000082300000, 0x0000000082300000|100%| O|  |TAMS 0x0000000082300000, 0x0000000082200000| Untracked 
|  35|0x0000000082300000, 0x0000000082400000, 0x0000000082400000|100%| O|  |TAMS 0x0000000082400000, 0x0000000082300000| Untracked 
|  36|0x0000000082400000, 0x0000000082500000, 0x0000000082500000|100%| O|  |TAMS 0x0000000082500000, 0x0000000082400000| Untracked 
|  37|0x0000000082500000, 0x0000000082600000, 0x0000000082600000|100%| O|  |TAMS 0x0000000082600000, 0x0000000082500000| Untracked 
|  38|0x0000000082600000, 0x0000000082700000, 0x0000000082700000|100%| O|  |TAMS 0x0000000082700000, 0x0000000082600000| Untracked 
|  39|0x0000000082700000, 0x0000000082800000, 0x0000000082800000|100%| O|  |TAMS 0x0000000082800000, 0x0000000082700000| Untracked 
|  40|0x0000000082800000, 0x0000000082900000, 0x0000000082900000|100%| O|  |TAMS 0x0000000082900000, 0x0000000082800000| Untracked 
|  41|0x0000000082900000, 0x0000000082a00000, 0x0000000082a00000|100%| O|  |TAMS 0x0000000082a00000, 0x0000000082900000| Untracked 
|  42|0x0000000082a00000, 0x0000000082b00000, 0x0000000082b00000|100%| O|  |TAMS 0x0000000082b00000, 0x0000000082a00000| Untracked 
|  43|0x0000000082b00000, 0x0000000082c00000, 0x0000000082c00000|100%| O|  |TAMS 0x0000000082c00000, 0x0000000082b00000| Untracked 
|  44|0x0000000082c00000, 0x0000000082d00000, 0x0000000082d00000|100%| O|  |TAMS 0x0000000082d00000, 0x0000000082c00000| Untracked 
|  45|0x0000000082d00000, 0x0000000082e00000, 0x0000000082e00000|100%| O|  |TAMS 0x0000000082e00000, 0x0000000082d00000| Untracked 
|  46|0x0000000082e00000, 0x0000000082f00000, 0x0000000082f00000|100%| O|  |TAMS 0x0000000082f00000, 0x0000000082e00000| Untracked 
|  47|0x0000000082f00000, 0x0000000083000000, 0x0000000083000000|100%| O|  |TAMS 0x0000000083000000, 0x0000000082f00000| Untracked 
|  48|0x0000000083000000, 0x0000000083100000, 0x0000000083100000|100%| O|  |TAMS 0x0000000083100000, 0x0000000083000000| Untracked 
|  49|0x0000000083100000, 0x0000000083200000, 0x0000000083200000|100%| O|  |TAMS 0x0000000083200000, 0x0000000083100000| Untracked 
|  50|0x0000000083200000, 0x0000000083300000, 0x0000000083300000|100%| O|  |TAMS 0x0000000083300000, 0x0000000083200000| Untracked 
|  51|0x0000000083300000, 0x0000000083400000, 0x0000000083400000|100%| O|  |TAMS 0x0000000083400000, 0x0000000083300000| Untracked 
|  52|0x0000000083400000, 0x0000000083500000, 0x0000000083500000|100%| O|  |TAMS 0x0000000083500000, 0x0000000083400000| Untracked 
|  53|0x0000000083500000, 0x0000000083600000, 0x0000000083600000|100%| O|  |TAMS 0x0000000083600000, 0x0000000083500000| Untracked 
|  54|0x0000000083600000, 0x0000000083700000, 0x0000000083700000|100%| O|  |TAMS 0x0000000083700000, 0x0000000083600000| Untracked 
|  55|0x0000000083700000, 0x0000000083800000, 0x0000000083800000|100%| O|  |TAMS 0x0000000083800000, 0x0000000083700000| Untracked 
|  56|0x0000000083800000, 0x0000000083900000, 0x0000000083900000|100%| O|  |TAMS 0x0000000083900000, 0x0000000083800000| Untracked 
|  57|0x0000000083900000, 0x0000000083a00000, 0x0000000083a00000|100%| O|  |TAMS 0x0000000083a00000, 0x0000000083900000| Untracked 
|  58|0x0000000083a00000, 0x0000000083b00000, 0x0000000083b00000|100%| O|  |TAMS 0x0000000083b00000, 0x0000000083a00000| Untracked 
|  59|0x0000000083b00000, 0x0000000083c00000, 0x0000000083c00000|100%| O|  |TAMS 0x0000000083c00000, 0x0000000083b00000| Untracked 
|  60|0x0000000083c00000, 0x0000000083d00000, 0x0000000083d00000|100%| O|  |TAMS 0x0000000083d00000, 0x0000000083c00000| Untracked 
|  61|0x0000000083d00000, 0x0000000083e00000, 0x0000000083e00000|100%| O|  |TAMS 0x0000000083e00000, 0x0000000083d00000| Untracked 
|  62|0x0000000083e00000, 0x0000000083f00000, 0x0000000083f00000|100%| O|  |TAMS 0x0000000083f00000, 0x0000000083e00000| Untracked 
|  63|0x0000000083f00000, 0x0000000084000000, 0x0000000084000000|100%| O|  |TAMS 0x0000000084000000, 0x0000000083f00000| Untracked 
|  64|0x0000000084000000, 0x0000000084100000, 0x0000000084100000|100%| O|  |TAMS 0x0000000084100000, 0x0000000084000000| Untracked 
|  65|0x0000000084100000, 0x0000000084200000, 0x0000000084200000|100%| O|  |TAMS 0x0000000084200000, 0x0000000084100000| Untracked 
|  66|0x0000000084200000, 0x0000000084300000, 0x0000000084300000|100%| O|  |TAMS 0x0000000084300000, 0x0000000084200000| Untracked 
|  67|0x0000000084300000, 0x0000000084400000, 0x0000000084400000|100%| O|  |TAMS 0x0000000084400000, 0x0000000084300000| Untracked 
|  68|0x0000000084400000, 0x0000000084500000, 0x0000000084500000|100%| O|  |TAMS 0x0000000084500000, 0x0000000084400000| Untracked 
|  69|0x0000000084500000, 0x0000000084600000, 0x0000000084600000|100%| O|  |TAMS 0x0000000084600000, 0x0000000084500000| Untracked 
|  70|0x0000000084600000, 0x0000000084700000, 0x0000000084700000|100%| O|  |TAMS 0x0000000084700000, 0x0000000084600000| Untracked 
|  71|0x0000000084700000, 0x0000000084800000, 0x0000000084800000|100%| O|  |TAMS 0x0000000084800000, 0x0000000084700000| Untracked 
|  72|0x0000000084800000, 0x0000000084900000, 0x0000000084900000|100%| O|  |TAMS 0x0000000084900000, 0x0000000084800000| Untracked 
|  73|0x0000000084900000, 0x0000000084a00000, 0x0000000084a00000|100%| O|  |TAMS 0x0000000084a00000, 0x0000000084900000| Untracked 
|  74|0x0000000084a00000, 0x0000000084b00000, 0x0000000084b00000|100%| O|  |TAMS 0x0000000084b00000, 0x0000000084a00000| Untracked 
|  75|0x0000000084b00000, 0x0000000084c00000, 0x0000000084c00000|100%| O|  |TAMS 0x0000000084c00000, 0x0000000084b00000| Untracked 
|  76|0x0000000084c00000, 0x0000000084d00000, 0x0000000084d00000|100%| O|  |TAMS 0x0000000084d00000, 0x0000000084c00000| Untracked 
|  77|0x0000000084d00000, 0x0000000084e00000, 0x0000000084e00000|100%| O|  |TAMS 0x0000000084e00000, 0x0000000084d00000| Untracked 
|  78|0x0000000084e00000, 0x0000000084f00000, 0x0000000084f00000|100%| O|  |TAMS 0x0000000084f00000, 0x0000000084e00000| Untracked 
|  79|0x0000000084f00000, 0x0000000085000000, 0x0000000085000000|100%| O|  |TAMS 0x0000000085000000, 0x0000000084f00000| Untracked 
|  80|0x0000000085000000, 0x0000000085100000, 0x0000000085100000|100%| O|  |TAMS 0x0000000085100000, 0x0000000085000000| Untracked 
|  81|0x0000000085100000, 0x0000000085200000, 0x0000000085200000|100%| O|  |TAMS 0x0000000085200000, 0x0000000085100000| Untracked 
|  82|0x0000000085200000, 0x0000000085300000, 0x0000000085300000|100%| O|  |TAMS 0x0000000085300000, 0x0000000085200000| Untracked 
|  83|0x0000000085300000, 0x0000000085400000, 0x0000000085400000|100%| O|  |TAMS 0x0000000085400000, 0x0000000085300000| Untracked 
|  84|0x0000000085400000, 0x0000000085500000, 0x0000000085500000|100%| O|  |TAMS 0x0000000085500000, 0x0000000085400000| Untracked 
|  85|0x0000000085500000, 0x0000000085600000, 0x0000000085600000|100%| O|  |TAMS 0x0000000085600000, 0x0000000085500000| Untracked 
|  86|0x0000000085600000, 0x0000000085700000, 0x0000000085700000|100%| O|  |TAMS 0x0000000085700000, 0x0000000085600000| Untracked 
|  87|0x0000000085700000, 0x0000000085800000, 0x0000000085800000|100%| O|  |TAMS 0x0000000085800000, 0x0000000085700000| Untracked 
|  88|0x0000000085800000, 0x0000000085900000, 0x0000000085900000|100%| O|  |TAMS 0x0000000085900000, 0x0000000085800000| Untracked 
|  89|0x0000000085900000, 0x0000000085a00000, 0x0000000085a00000|100%| O|  |TAMS 0x0000000085a00000, 0x0000000085900000| Untracked 
|  90|0x0000000085a00000, 0x0000000085b00000, 0x0000000085b00000|100%| O|  |TAMS 0x0000000085b00000, 0x0000000085a00000| Untracked 
|  91|0x0000000085b00000, 0x0000000085c00000, 0x0000000085c00000|100%| O|  |TAMS 0x0000000085c00000, 0x0000000085b00000| Untracked 
|  92|0x0000000085c00000, 0x0000000085d00000, 0x0000000085d00000|100%| O|  |TAMS 0x0000000085d00000, 0x0000000085c00000| Untracked 
|  93|0x0000000085d00000, 0x0000000085e00000, 0x0000000085e00000|100%| O|  |TAMS 0x0000000085e00000, 0x0000000085d00000| Untracked 
|  94|0x0000000085e00000, 0x0000000085f00000, 0x0000000085f00000|100%| O|  |TAMS 0x0000000085f00000, 0x0000000085e00000| Untracked 
|  95|0x0000000085f00000, 0x0000000086000000, 0x0000000086000000|100%| O|  |TAMS 0x0000000086000000, 0x0000000085f00000| Untracked 
|  96|0x0000000086000000, 0x0000000086100000, 0x0000000086100000|100%| O|  |TAMS 0x0000000086100000, 0x0000000086000000| Untracked 
|  97|0x0000000086100000, 0x0000000086200000, 0x0000000086200000|100%| O|  |TAMS 0x0000000086200000, 0x0000000086100000| Untracked 
|  98|0x0000000086200000, 0x0000000086300000, 0x0000000086300000|100%| O|  |TAMS 0x0000000086300000, 0x0000000086200000| Untracked 
|  99|0x0000000086300000, 0x0000000086400000, 0x0000000086400000|100%| O|  |TAMS 0x0000000086400000, 0x0000000086300000| Untracked 
| 100|0x0000000086400000, 0x0000000086500000, 0x0000000086500000|100%| O|  |TAMS 0x0000000086500000, 0x0000000086400000| Untracked 
| 101|0x0000000086500000, 0x0000000086600000, 0x0000000086600000|100%| O|  |TAMS 0x0000000086600000, 0x0000000086500000| Untracked 
| 102|0x0000000086600000, 0x0000000086700000, 0x0000000086700000|100%| O|  |TAMS 0x0000000086700000, 0x0000000086600000| Untracked 
| 103|0x0000000086700000, 0x0000000086800000, 0x0000000086800000|100%| O|  |TAMS 0x0000000086800000, 0x0000000086700000| Untracked 
| 104|0x0000000086800000, 0x0000000086900000, 0x0000000086900000|100%| O|  |TAMS 0x0000000086900000, 0x0000000086800000| Untracked 
| 105|0x0000000086900000, 0x0000000086a00000, 0x0000000086a00000|100%| O|  |TAMS 0x0000000086a00000, 0x0000000086900000| Untracked 
| 106|0x0000000086a00000, 0x0000000086b00000, 0x0000000086b00000|100%| O|  |TAMS 0x0000000086b00000, 0x0000000086a00000| Untracked 
| 107|0x0000000086b00000, 0x0000000086c00000, 0x0000000086c00000|100%| O|  |TAMS 0x0000000086c00000, 0x0000000086b00000| Untracked 
| 108|0x0000000086c00000, 0x0000000086d00000, 0x0000000086d00000|100%| O|  |TAMS 0x0000000086d00000, 0x0000000086c00000| Untracked 
| 109|0x0000000086d00000, 0x0000000086e00000, 0x0000000086e00000|100%|HS|  |TAMS 0x0000000086e00000, 0x0000000086d00000| Complete 
| 110|0x0000000086e00000, 0x0000000086f00000, 0x0000000086f00000|100%|HC|  |TAMS 0x0000000086f00000, 0x0000000086e00000| Complete 
| 111|0x0000000086f00000, 0x0000000087000000, 0x0000000087000000|100%| O|  |TAMS 0x0000000087000000, 0x0000000086f00000| Untracked 
| 112|0x0000000087000000, 0x0000000087100000, 0x0000000087100000|100%| O|  |TAMS 0x0000000087100000, 0x0000000087000000| Untracked 
| 113|0x0000000087100000, 0x0000000087200000, 0x0000000087200000|100%| O|  |TAMS 0x0000000087200000, 0x0000000087100000| Untracked 
| 114|0x0000000087200000, 0x0000000087300000, 0x0000000087300000|100%|HS|  |TAMS 0x0000000087300000, 0x0000000087200000| Complete 
| 115|0x0000000087300000, 0x0000000087400000, 0x0000000087400000|100%|HC|  |TAMS 0x0000000087400000, 0x0000000087300000| Complete 
| 116|0x0000000087400000, 0x0000000087500000, 0x0000000087500000|100%|HC|  |TAMS 0x0000000087500000, 0x0000000087400000| Complete 
| 117|0x0000000087500000, 0x0000000087600000, 0x0000000087600000|100%| O|  |TAMS 0x0000000087600000, 0x0000000087500000| Untracked 
| 118|0x0000000087600000, 0x0000000087700000, 0x0000000087700000|100%| O|  |TAMS 0x0000000087700000, 0x0000000087600000| Untracked 
| 119|0x0000000087700000, 0x0000000087800000, 0x0000000087800000|100%| O|  |TAMS 0x0000000087800000, 0x0000000087700000| Untracked 
| 120|0x0000000087800000, 0x0000000087900000, 0x0000000087900000|100%| O|  |TAMS 0x0000000087900000, 0x0000000087800000| Untracked 
| 121|0x0000000087900000, 0x00000000879c2400, 0x0000000087a00000| 75%| O|  |TAMS 0x00000000879c2400, 0x0000000087900000| Untracked 
| 122|0x0000000087a00000, 0x0000000087b00000, 0x0000000087b00000|100%|HS|  |TAMS 0x0000000087a00000, 0x0000000087a00000| Complete 
| 123|0x0000000087b00000, 0x0000000087c00000, 0x0000000087c00000|100%|HC|  |TAMS 0x0000000087b00000, 0x0000000087b00000| Complete 
| 124|0x0000000087c00000, 0x0000000087c00000, 0x0000000087d00000|  0%| F|  |TAMS 0x0000000087c00000, 0x0000000087c00000| Untracked 
| 125|0x0000000087d00000, 0x0000000087d00000, 0x0000000087e00000|  0%| F|  |TAMS 0x0000000087d00000, 0x0000000087d00000| Untracked 
| 126|0x0000000087e00000, 0x0000000087e00000, 0x0000000087f00000|  0%| F|  |TAMS 0x0000000087e00000, 0x0000000087e00000| Untracked 
| 127|0x0000000087f00000, 0x0000000087f00000, 0x0000000088000000|  0%| F|  |TAMS 0x0000000087f00000, 0x0000000087f00000| Untracked 
| 128|0x0000000088000000, 0x0000000088000000, 0x0000000088100000|  0%| F|  |TAMS 0x0000000088000000, 0x0000000088000000| Untracked 
| 129|0x0000000088100000, 0x0000000088100000, 0x0000000088200000|  0%| F|  |TAMS 0x0000000088100000, 0x0000000088100000| Untracked 
| 130|0x0000000088200000, 0x0000000088200000, 0x0000000088300000|  0%| F|  |TAMS 0x0000000088200000, 0x0000000088200000| Untracked 
| 131|0x0000000088300000, 0x0000000088300000, 0x0000000088400000|  0%| F|  |TAMS 0x0000000088300000, 0x0000000088300000| Untracked 
| 132|0x0000000088400000, 0x0000000088400000, 0x0000000088500000|  0%| F|  |TAMS 0x0000000088400000, 0x0000000088400000| Untracked 
| 133|0x0000000088500000, 0x0000000088500000, 0x0000000088600000|  0%| F|  |TAMS 0x0000000088500000, 0x0000000088500000| Untracked 
| 134|0x0000000088600000, 0x0000000088600000, 0x0000000088700000|  0%| F|  |TAMS 0x0000000088600000, 0x0000000088600000| Untracked 
| 135|0x0000000088700000, 0x0000000088700000, 0x0000000088800000|  0%| F|  |TAMS 0x0000000088700000, 0x0000000088700000| Untracked 
| 136|0x0000000088800000, 0x0000000088800000, 0x0000000088900000|  0%| F|  |TAMS 0x0000000088800000, 0x0000000088800000| Untracked 
| 137|0x0000000088900000, 0x0000000088900000, 0x0000000088a00000|  0%| F|  |TAMS 0x0000000088900000, 0x0000000088900000| Untracked 
| 138|0x0000000088a00000, 0x0000000088a00000, 0x0000000088b00000|  0%| F|  |TAMS 0x0000000088a00000, 0x0000000088a00000| Untracked 
| 139|0x0000000088b00000, 0x0000000088b00000, 0x0000000088c00000|  0%| F|  |TAMS 0x0000000088b00000, 0x0000000088b00000| Untracked 
| 140|0x0000000088c00000, 0x0000000088c00000, 0x0000000088d00000|  0%| F|  |TAMS 0x0000000088c00000, 0x0000000088c00000| Untracked 
| 141|0x0000000088d00000, 0x0000000088d00000, 0x0000000088e00000|  0%| F|  |TAMS 0x0000000088d00000, 0x0000000088d00000| Untracked 
| 142|0x0000000088e00000, 0x0000000088e00000, 0x0000000088f00000|  0%| F|  |TAMS 0x0000000088e00000, 0x0000000088e00000| Untracked 
| 143|0x0000000088f00000, 0x0000000088f00000, 0x0000000089000000|  0%| F|  |TAMS 0x0000000088f00000, 0x0000000088f00000| Untracked 
| 144|0x0000000089000000, 0x0000000089000000, 0x0000000089100000|  0%| F|  |TAMS 0x0000000089000000, 0x0000000089000000| Untracked 
| 145|0x0000000089100000, 0x0000000089100000, 0x0000000089200000|  0%| F|  |TAMS 0x0000000089100000, 0x0000000089100000| Untracked 
| 146|0x0000000089200000, 0x0000000089200000, 0x0000000089300000|  0%| F|  |TAMS 0x0000000089200000, 0x0000000089200000| Untracked 
| 147|0x0000000089300000, 0x0000000089300000, 0x0000000089400000|  0%| F|  |TAMS 0x0000000089300000, 0x0000000089300000| Untracked 
| 148|0x0000000089400000, 0x0000000089400000, 0x0000000089500000|  0%| F|  |TAMS 0x0000000089400000, 0x0000000089400000| Untracked 
| 149|0x0000000089500000, 0x0000000089500000, 0x0000000089600000|  0%| F|  |TAMS 0x0000000089500000, 0x0000000089500000| Untracked 
| 150|0x0000000089600000, 0x0000000089600000, 0x0000000089700000|  0%| F|  |TAMS 0x0000000089600000, 0x0000000089600000| Untracked 
| 151|0x0000000089700000, 0x0000000089700000, 0x0000000089800000|  0%| F|  |TAMS 0x0000000089700000, 0x0000000089700000| Untracked 
| 152|0x0000000089800000, 0x0000000089800000, 0x0000000089900000|  0%| F|  |TAMS 0x0000000089800000, 0x0000000089800000| Untracked 
| 153|0x0000000089900000, 0x0000000089900000, 0x0000000089a00000|  0%| F|  |TAMS 0x0000000089900000, 0x0000000089900000| Untracked 
| 154|0x0000000089a00000, 0x0000000089a00000, 0x0000000089b00000|  0%| F|  |TAMS 0x0000000089a00000, 0x0000000089a00000| Untracked 
| 155|0x0000000089b00000, 0x0000000089b00000, 0x0000000089c00000|  0%| F|  |TAMS 0x0000000089b00000, 0x0000000089b00000| Untracked 
| 156|0x0000000089c00000, 0x0000000089c00000, 0x0000000089d00000|  0%| F|  |TAMS 0x0000000089c00000, 0x0000000089c00000| Untracked 
| 157|0x0000000089d00000, 0x0000000089d00000, 0x0000000089e00000|  0%| F|  |TAMS 0x0000000089d00000, 0x0000000089d00000| Untracked 
| 158|0x0000000089e00000, 0x0000000089e00000, 0x0000000089f00000|  0%| F|  |TAMS 0x0000000089e00000, 0x0000000089e00000| Untracked 
| 159|0x0000000089f00000, 0x0000000089f00000, 0x000000008a000000|  0%| F|  |TAMS 0x0000000089f00000, 0x0000000089f00000| Untracked 
| 160|0x000000008a000000, 0x000000008a000000, 0x000000008a100000|  0%| F|  |TAMS 0x000000008a000000, 0x000000008a000000| Untracked 
| 161|0x000000008a100000, 0x000000008a100000, 0x000000008a200000|  0%| F|  |TAMS 0x000000008a100000, 0x000000008a100000| Untracked 
| 162|0x000000008a200000, 0x000000008a200000, 0x000000008a300000|  0%| F|  |TAMS 0x000000008a200000, 0x000000008a200000| Untracked 
| 163|0x000000008a300000, 0x000000008a300000, 0x000000008a400000|  0%| F|  |TAMS 0x000000008a300000, 0x000000008a300000| Untracked 
| 164|0x000000008a400000, 0x000000008a400000, 0x000000008a500000|  0%| F|  |TAMS 0x000000008a400000, 0x000000008a400000| Untracked 
| 165|0x000000008a500000, 0x000000008a500000, 0x000000008a600000|  0%| F|  |TAMS 0x000000008a500000, 0x000000008a500000| Untracked 
| 166|0x000000008a600000, 0x000000008a600000, 0x000000008a700000|  0%| F|  |TAMS 0x000000008a600000, 0x000000008a600000| Untracked 
| 167|0x000000008a700000, 0x000000008a700000, 0x000000008a800000|  0%| F|  |TAMS 0x000000008a700000, 0x000000008a700000| Untracked 
| 168|0x000000008a800000, 0x000000008a800000, 0x000000008a900000|  0%| F|  |TAMS 0x000000008a800000, 0x000000008a800000| Untracked 
| 169|0x000000008a900000, 0x000000008a900000, 0x000000008aa00000|  0%| F|  |TAMS 0x000000008a900000, 0x000000008a900000| Untracked 
| 170|0x000000008aa00000, 0x000000008aa00000, 0x000000008ab00000|  0%| F|  |TAMS 0x000000008aa00000, 0x000000008aa00000| Untracked 
| 171|0x000000008ab00000, 0x000000008ab00000, 0x000000008ac00000|  0%| F|  |TAMS 0x000000008ab00000, 0x000000008ab00000| Untracked 
| 172|0x000000008ac00000, 0x000000008ac00000, 0x000000008ad00000|  0%| F|  |TAMS 0x000000008ac00000, 0x000000008ac00000| Untracked 
| 173|0x000000008ad00000, 0x000000008ad00000, 0x000000008ae00000|  0%| F|  |TAMS 0x000000008ad00000, 0x000000008ad00000| Untracked 
| 174|0x000000008ae00000, 0x000000008ae00000, 0x000000008af00000|  0%| F|  |TAMS 0x000000008ae00000, 0x000000008ae00000| Untracked 
| 175|0x000000008af00000, 0x000000008af00000, 0x000000008b000000|  0%| F|  |TAMS 0x000000008af00000, 0x000000008af00000| Untracked 
| 176|0x000000008b000000, 0x000000008b000000, 0x000000008b100000|  0%| F|  |TAMS 0x000000008b000000, 0x000000008b000000| Untracked 
| 177|0x000000008b100000, 0x000000008b100000, 0x000000008b200000|  0%| F|  |TAMS 0x000000008b100000, 0x000000008b100000| Untracked 
| 178|0x000000008b200000, 0x000000008b200000, 0x000000008b300000|  0%| F|  |TAMS 0x000000008b200000, 0x000000008b200000| Untracked 
| 179|0x000000008b300000, 0x000000008b300000, 0x000000008b400000|  0%| F|  |TAMS 0x000000008b300000, 0x000000008b300000| Untracked 
| 180|0x000000008b400000, 0x000000008b400000, 0x000000008b500000|  0%| F|  |TAMS 0x000000008b400000, 0x000000008b400000| Untracked 
| 181|0x000000008b500000, 0x000000008b500000, 0x000000008b600000|  0%| F|  |TAMS 0x000000008b500000, 0x000000008b500000| Untracked 
| 182|0x000000008b600000, 0x000000008b600000, 0x000000008b700000|  0%| F|  |TAMS 0x000000008b600000, 0x000000008b600000| Untracked 
| 183|0x000000008b700000, 0x000000008b700000, 0x000000008b800000|  0%| F|  |TAMS 0x000000008b700000, 0x000000008b700000| Untracked 
| 184|0x000000008b800000, 0x000000008b800000, 0x000000008b900000|  0%| F|  |TAMS 0x000000008b800000, 0x000000008b800000| Untracked 
| 185|0x000000008b900000, 0x000000008b900000, 0x000000008ba00000|  0%| F|  |TAMS 0x000000008b900000, 0x000000008b900000| Untracked 
| 186|0x000000008ba00000, 0x000000008ba80800, 0x000000008bb00000| 50%| E|  |TAMS 0x000000008ba00000, 0x000000008ba00000| Complete 
| 187|0x000000008bb00000, 0x000000008bc00000, 0x000000008bc00000|100%| E|CS|TAMS 0x000000008bb00000, 0x000000008bb00000| Complete 
| 188|0x000000008bc00000, 0x000000008bd00000, 0x000000008bd00000|100%| E|CS|TAMS 0x000000008bc00000, 0x000000008bc00000| Complete 
| 189|0x000000008bd00000, 0x000000008be00000, 0x000000008be00000|100%| E|CS|TAMS 0x000000008bd00000, 0x000000008bd00000| Complete 
| 190|0x000000008be00000, 0x000000008bf00000, 0x000000008bf00000|100%| E|CS|TAMS 0x000000008be00000, 0x000000008be00000| Complete 
| 191|0x000000008bf00000, 0x000000008c000000, 0x000000008c000000|100%| E|CS|TAMS 0x000000008bf00000, 0x000000008bf00000| Complete 
| 192|0x000000008c000000, 0x000000008c100000, 0x000000008c100000|100%| E|CS|TAMS 0x000000008c000000, 0x000000008c000000| Complete 
| 193|0x000000008c100000, 0x000000008c200000, 0x000000008c200000|100%| E|CS|TAMS 0x000000008c100000, 0x000000008c100000| Complete 
| 194|0x000000008c200000, 0x000000008c300000, 0x000000008c300000|100%| E|CS|TAMS 0x000000008c200000, 0x000000008c200000| Complete 
| 195|0x000000008c300000, 0x000000008c400000, 0x000000008c400000|100%| E|CS|TAMS 0x000000008c300000, 0x000000008c300000| Complete 
| 196|0x000000008c400000, 0x000000008c500000, 0x000000008c500000|100%| E|CS|TAMS 0x000000008c400000, 0x000000008c400000| Complete 
| 197|0x000000008c500000, 0x000000008c600000, 0x000000008c600000|100%| E|CS|TAMS 0x000000008c500000, 0x000000008c500000| Complete 
| 198|0x000000008c600000, 0x000000008c700000, 0x000000008c700000|100%| E|CS|TAMS 0x000000008c600000, 0x000000008c600000| Complete 
| 199|0x000000008c700000, 0x000000008c800000, 0x000000008c800000|100%| E|CS|TAMS 0x000000008c700000, 0x000000008c700000| Complete 
| 200|0x000000008c800000, 0x000000008c900000, 0x000000008c900000|100%| E|CS|TAMS 0x000000008c800000, 0x000000008c800000| Complete 
| 201|0x000000008c900000, 0x000000008ca00000, 0x000000008ca00000|100%| E|CS|TAMS 0x000000008c900000, 0x000000008c900000| Complete 
| 202|0x000000008ca00000, 0x000000008cb00000, 0x000000008cb00000|100%| E|CS|TAMS 0x000000008ca00000, 0x000000008ca00000| Complete 
| 203|0x000000008cb00000, 0x000000008cc00000, 0x000000008cc00000|100%| E|CS|TAMS 0x000000008cb00000, 0x000000008cb00000| Complete 
| 204|0x000000008cc00000, 0x000000008cd00000, 0x000000008cd00000|100%| E|CS|TAMS 0x000000008cc00000, 0x000000008cc00000| Complete 
| 205|0x000000008cd00000, 0x000000008ce00000, 0x000000008ce00000|100%| E|CS|TAMS 0x000000008cd00000, 0x000000008cd00000| Complete 
| 206|0x000000008ce00000, 0x000000008cf00000, 0x000000008cf00000|100%| E|CS|TAMS 0x000000008ce00000, 0x000000008ce00000| Complete 
| 207|0x000000008cf00000, 0x000000008d000000, 0x000000008d000000|100%| E|CS|TAMS 0x000000008cf00000, 0x000000008cf00000| Complete 
| 208|0x000000008d000000, 0x000000008d100000, 0x000000008d100000|100%| E|CS|TAMS 0x000000008d000000, 0x000000008d000000| Complete 
| 209|0x000000008d100000, 0x000000008d200000, 0x000000008d200000|100%| E|CS|TAMS 0x000000008d100000, 0x000000008d100000| Complete 
| 210|0x000000008d200000, 0x000000008d300000, 0x000000008d300000|100%| E|CS|TAMS 0x000000008d200000, 0x000000008d200000| Complete 
| 211|0x000000008d300000, 0x000000008d400000, 0x000000008d400000|100%| E|CS|TAMS 0x000000008d300000, 0x000000008d300000| Complete 
| 212|0x000000008d400000, 0x000000008d500000, 0x000000008d500000|100%| E|CS|TAMS 0x000000008d400000, 0x000000008d400000| Complete 
| 213|0x000000008d500000, 0x000000008d600000, 0x000000008d600000|100%| E|CS|TAMS 0x000000008d500000, 0x000000008d500000| Complete 
| 214|0x000000008d600000, 0x000000008d700000, 0x000000008d700000|100%| E|CS|TAMS 0x000000008d600000, 0x000000008d600000| Complete 
| 215|0x000000008d700000, 0x000000008d800000, 0x000000008d800000|100%| E|CS|TAMS 0x000000008d700000, 0x000000008d700000| Complete 
| 216|0x000000008d800000, 0x000000008d900000, 0x000000008d900000|100%| E|CS|TAMS 0x000000008d800000, 0x000000008d800000| Complete 
| 217|0x000000008d900000, 0x000000008da00000, 0x000000008da00000|100%| E|CS|TAMS 0x000000008d900000, 0x000000008d900000| Complete 
| 218|0x000000008da00000, 0x000000008db00000, 0x000000008db00000|100%| E|CS|TAMS 0x000000008da00000, 0x000000008da00000| Complete 
| 219|0x000000008db00000, 0x000000008dc00000, 0x000000008dc00000|100%| E|CS|TAMS 0x000000008db00000, 0x000000008db00000| Complete 
| 220|0x000000008dc00000, 0x000000008dd00000, 0x000000008dd00000|100%| E|CS|TAMS 0x000000008dc00000, 0x000000008dc00000| Complete 
| 221|0x000000008dd00000, 0x000000008de00000, 0x000000008de00000|100%| E|CS|TAMS 0x000000008dd00000, 0x000000008dd00000| Complete 
| 222|0x000000008de00000, 0x000000008df00000, 0x000000008df00000|100%| E|CS|TAMS 0x000000008de00000, 0x000000008de00000| Complete 
| 223|0x000000008df00000, 0x000000008e000000, 0x000000008e000000|100%| E|CS|TAMS 0x000000008df00000, 0x000000008df00000| Complete 
| 224|0x000000008e000000, 0x000000008e100000, 0x000000008e100000|100%| E|CS|TAMS 0x000000008e000000, 0x000000008e000000| Complete 
| 225|0x000000008e100000, 0x000000008e200000, 0x000000008e200000|100%| E|CS|TAMS 0x000000008e100000, 0x000000008e100000| Complete 
| 226|0x000000008e200000, 0x000000008e300000, 0x000000008e300000|100%| E|CS|TAMS 0x000000008e200000, 0x000000008e200000| Complete 
| 227|0x000000008e300000, 0x000000008e400000, 0x000000008e400000|100%| E|CS|TAMS 0x000000008e300000, 0x000000008e300000| Complete 
| 228|0x000000008e400000, 0x000000008e500000, 0x000000008e500000|100%| E|CS|TAMS 0x000000008e400000, 0x000000008e400000| Complete 
| 229|0x000000008e500000, 0x000000008e600000, 0x000000008e600000|100%| E|CS|TAMS 0x000000008e500000, 0x000000008e500000| Complete 
| 230|0x000000008e600000, 0x000000008e700000, 0x000000008e700000|100%| E|CS|TAMS 0x000000008e600000, 0x000000008e600000| Complete 
| 231|0x000000008e700000, 0x000000008e800000, 0x000000008e800000|100%| E|CS|TAMS 0x000000008e700000, 0x000000008e700000| Complete 
| 232|0x000000008e800000, 0x000000008e900000, 0x000000008e900000|100%| E|CS|TAMS 0x000000008e800000, 0x000000008e800000| Complete 
| 233|0x000000008e900000, 0x000000008ea00000, 0x000000008ea00000|100%| E|CS|TAMS 0x000000008e900000, 0x000000008e900000| Complete 
| 234|0x000000008ea00000, 0x000000008ea546b0, 0x000000008eb00000| 32%| S|CS|TAMS 0x000000008ea00000, 0x000000008ea00000| Complete 
| 235|0x000000008eb00000, 0x000000008ec00000, 0x000000008ec00000|100%| S|CS|TAMS 0x000000008eb00000, 0x000000008eb00000| Complete 
| 236|0x000000008ec00000, 0x000000008ed00000, 0x000000008ed00000|100%| S|CS|TAMS 0x000000008ec00000, 0x000000008ec00000| Complete 
| 237|0x000000008ed00000, 0x000000008ee00000, 0x000000008ee00000|100%| S|CS|TAMS 0x000000008ed00000, 0x000000008ed00000| Complete 
| 238|0x000000008ee00000, 0x000000008ef00000, 0x000000008ef00000|100%| S|CS|TAMS 0x000000008ee00000, 0x000000008ee00000| Complete 
| 239|0x000000008ef00000, 0x000000008f000000, 0x000000008f000000|100%| S|CS|TAMS 0x000000008ef00000, 0x000000008ef00000| Complete 
| 240|0x000000008f000000, 0x000000008f100000, 0x000000008f100000|100%| E|CS|TAMS 0x000000008f000000, 0x000000008f000000| Complete 
| 241|0x000000008f100000, 0x000000008f200000, 0x000000008f200000|100%| E|CS|TAMS 0x000000008f100000, 0x000000008f100000| Complete 
| 242|0x000000008f200000, 0x000000008f300000, 0x000000008f300000|100%| E|CS|TAMS 0x000000008f200000, 0x000000008f200000| Complete 
| 243|0x000000008f300000, 0x000000008f400000, 0x000000008f400000|100%| E|CS|TAMS 0x000000008f300000, 0x000000008f300000| Complete 
| 244|0x000000008f400000, 0x000000008f500000, 0x000000008f500000|100%| E|CS|TAMS 0x000000008f400000, 0x000000008f400000| Complete 
| 245|0x000000008f500000, 0x000000008f600000, 0x000000008f600000|100%| E|CS|TAMS 0x000000008f500000, 0x000000008f500000| Complete 
| 246|0x000000008f600000, 0x000000008f700000, 0x000000008f700000|100%| E|CS|TAMS 0x000000008f600000, 0x000000008f600000| Complete 
| 247|0x000000008f700000, 0x000000008f800000, 0x000000008f800000|100%| E|CS|TAMS 0x000000008f700000, 0x000000008f700000| Complete 

Card table byte_map: [0x000001abec5b0000,0x000001abec9b0000] _byte_map_base: 0x000001abec1b0000

Marking Bits (Prev, Next): (CMBitMap*) 0x000001abd91693c0, (CMBitMap*) 0x000001abd9169388
 Prev Bits: [0x000001abeedb0000, 0x000001abf0db0000)
 Next Bits: [0x000001abecdb0000, 0x000001abeedb0000)

Polling page: 0x000001abd7090000

Metaspace:

Usage:
  Non-class:     85.24 MB capacity,    83.42 MB ( 98%) used,     1.48 MB (  2%) free+waste,   337.31 KB ( <1%) overhead. 
      Class:     13.46 MB capacity,    12.40 MB ( 92%) used,   932.54 KB (  7%) free+waste,   152.56 KB (  1%) overhead. 
       Both:     98.69 MB capacity,    95.82 MB ( 97%) used,     2.40 MB (  2%) free+waste,   489.88 KB ( <1%) overhead. 

Virtual space:
  Non-class space:       86.00 MB reserved,      85.67 MB (>99%) committed 
      Class space:        1.00 GB reserved,      13.73 MB (  1%) committed 
             Both:        1.08 GB reserved,      99.40 MB (  9%) committed 

Chunk freelists:
   Non-Class:  254.00 KB
       Class:  206.00 KB
        Both:  460.00 KB

MaxMetaspaceSize: 17179869184.00 GB
CompressedClassSpaceSize: 1.00 GB
Initial GC threshold: 20.80 MB
Current GC threshold: 164.84 MB
CDS: off

CodeHeap 'non-profiled nmethods': size=120000Kb used=9485Kb max_used=9485Kb free=110514Kb
 bounds [0x000001abe4710000, 0x000001abe5060000, 0x000001abebc40000]
CodeHeap 'profiled nmethods': size=120000Kb used=29639Kb max_used=29639Kb free=90361Kb
 bounds [0x000001abdd1e0000, 0x000001abdeee0000, 0x000001abe4710000]
CodeHeap 'non-nmethods': size=5760Kb used=2405Kb max_used=2463Kb free=3354Kb
 bounds [0x000001abdcc40000, 0x000001abdcec0000, 0x000001abdd1e0000]
 total_blobs=14443 nmethods=13510 adapters=845
 compilation: enabled
              stopped_count=0, restarted_count=0
 full_count=0

Compilation events (20 events):
Event: 32.233 Thread 0x000001abf434c000 13556       3       org.gradle.api.internal.artifacts.repositories.metadata.DefaultMavenImmutableAttributesFactory::mutable (11 bytes)
Event: 32.233 Thread 0x000001abf434c000 nmethod 13556 0x000001abdeeb7210 code [0x000001abdeeb73c0, 0x000001abdeeb7588]
Event: 32.233 Thread 0x000001abf434c000 13558       3       org.gradle.internal.component.external.model.maven.DefaultMutableMavenModuleResolveMetadata::asImmutable (5 bytes)
Event: 32.233 Thread 0x000001abf434c000 nmethod 13558 0x000001abdeeb7690 code [0x000001abdeeb7860, 0x000001abdeeb7a68]
Event: 32.233 Thread 0x000001abf434c000 13559       3       org.gradle.internal.component.external.model.maven.DefaultMutableMavenModuleResolveMetadata::asImmutable (9 bytes)
Event: 32.233 Thread 0x000001abf434c000 nmethod 13559 0x000001abdeeb7b90 code [0x000001abdeeb7d40, 0x000001abdeeb7ee8]
Event: 32.233 Thread 0x000001abf434c000 13560       3       org.gradle.internal.component.external.model.maven.DefaultMavenModuleResolveMetadata::<init> (62 bytes)
Event: 32.234 Thread 0x000001abf434c000 nmethod 13560 0x000001abdeeb7f90 code [0x000001abdeeb81c0, 0x000001abdeeb8b08]
Event: 32.234 Thread 0x000001abf434c000 13565       3       org.gradle.internal.component.external.model.maven.DefaultMavenModuleResolveMetadata::withDerivationStrategy (24 bytes)
Event: 32.234 Thread 0x000001abf434c000 nmethod 13565 0x000001abdeeb8d10 code [0x000001abdeeb8ee0, 0x000001abdeeb92c8]
Event: 32.234 Thread 0x000001abf434c000 13566       3       org.gradle.internal.component.external.model.AbstractLazyModuleComponentResolveMetadata::getStatusScheme (5 bytes)
Event: 32.234 Thread 0x000001abf434c000 nmethod 13566 0x000001abdeeb9410 code [0x000001abdeeb95c0, 0x000001abdeeb96d8]
Event: 32.234 Thread 0x000001abf434c000 13561       3       org.gradle.internal.component.external.model.AbstractLazyModuleComponentResolveMetadata::<init> (29 bytes)
Event: 32.235 Thread 0x000001abf434c000 nmethod 13561 0x000001abdeeb9790 code [0x000001abdeeb9980, 0x000001abdeeb9f38]
Event: 32.235 Thread 0x000001abf434c000 13562       3       org.gradle.internal.component.external.model.AbstractModuleComponentResolveMetadata::<init> (136 bytes)
Event: 32.236 Thread 0x000001abf434c000 nmethod 13562 0x000001abdeeba110 code [0x000001abdeeba3c0, 0x000001abdeebbae8]
Event: 32.236 Thread 0x000001abf434c000 13563       3       org.gradle.internal.component.external.model.AbstractModuleComponentResolveMetadata::extractAttributes (13 bytes)
Event: 32.236 Thread 0x000001abf434c000 nmethod 13563 0x000001abdeebbe90 code [0x000001abdeebc060, 0x000001abdeebc388]
Event: 32.238 Thread 0x000001abf434c000 13567       3       org.gradle.internal.component.external.descriptor.DefaultExclude::equals (91 bytes)
Event: 32.239 Thread 0x000001abf434c000 nmethod 13567 0x000001abdeebc490 code [0x000001abdeebc6c0, 0x000001abdeebcfd8]

GC Heap History (20 events):
Event: 9.129 GC heap before
{Heap before GC invocations=12 (full 0):
 garbage-first heap   total 253952K, used 168651K [0x0000000080000000, 0x0000000100000000)
  region size 1024K, 105 young (107520K), 7 survivors (7168K)
 Metaspace       used 77629K, capacity 79594K, committed 79772K, reserved 1118208K
  class space    used 10128K, capacity 10902K, committed 10988K, reserved 1048576K
}
Event: 9.135 GC heap after
{Heap after GC invocations=13 (full 0):
 garbage-first heap   total 253952K, used 74985K [0x0000000080000000, 0x0000000100000000)
  region size 1024K, 14 young (14336K), 14 survivors (14336K)
 Metaspace       used 77629K, capacity 79594K, committed 79772K, reserved 1118208K
  class space    used 10128K, capacity 10902K, committed 10988K, reserved 1048576K
}
Event: 10.081 GC heap before
{Heap before GC invocations=13 (full 0):
 garbage-first heap   total 253952K, used 176361K [0x0000000080000000, 0x0000000100000000)
  region size 1024K, 113 young (115712K), 14 survivors (14336K)
 Metaspace       used 85584K, capacity 87720K, committed 87964K, reserved 1126400K
  class space    used 11190K, capacity 11979K, committed 12012K, reserved 1048576K
}
Event: 10.089 GC heap after
{Heap after GC invocations=14 (full 0):
 garbage-first heap   total 253952K, used 82404K [0x0000000080000000, 0x0000000100000000)
  region size 1024K, 15 young (15360K), 15 survivors (15360K)
 Metaspace       used 85584K, capacity 87720K, committed 87964K, reserved 1126400K
  class space    used 11190K, capacity 11979K, committed 12012K, reserved 1048576K
}
Event: 10.850 GC heap before
{Heap before GC invocations=14 (full 0):
 garbage-first heap   total 253952K, used 181732K [0x0000000080000000, 0x0000000100000000)
  region size 1024K, 113 young (115712K), 15 survivors (15360K)
 Metaspace       used 88229K, capacity 90685K, committed 90780K, reserved 1128448K
  class space    used 11581K, capacity 12505K, committed 12524K, reserved 1048576K
}
Event: 10.860 GC heap after
{Heap after GC invocations=15 (full 0):
 garbage-first heap   total 253952K, used 93156K [0x0000000080000000, 0x0000000100000000)
  region size 1024K, 15 young (15360K), 15 survivors (15360K)
 Metaspace       used 88229K, capacity 90685K, committed 90780K, reserved 1128448K
  class space    used 11581K, capacity 12505K, committed 12524K, reserved 1048576K
}
Event: 11.183 GC heap before
{Heap before GC invocations=15 (full 0):
 garbage-first heap   total 253952K, used 188388K [0x0000000080000000, 0x0000000100000000)
  region size 1024K, 109 young (111616K), 15 survivors (15360K)
 Metaspace       used 89144K, capacity 91884K, committed 92060K, reserved 1128448K
  class space    used 11740K, capacity 12771K, committed 12780K, reserved 1048576K
}
Event: 11.193 GC heap after
{Heap after GC invocations=16 (full 0):
 garbage-first heap   total 253952K, used 102045K [0x0000000080000000, 0x0000000100000000)
  region size 1024K, 8 young (8192K), 8 survivors (8192K)
 Metaspace       used 89144K, capacity 91884K, committed 92060K, reserved 1128448K
  class space    used 11740K, capacity 12771K, committed 12780K, reserved 1048576K
}
Event: 11.571 GC heap before
{Heap before GC invocations=16 (full 0):
 garbage-first heap   total 253952K, used 193181K [0x0000000080000000, 0x0000000100000000)
  region size 1024K, 98 young (100352K), 8 survivors (8192K)
 Metaspace       used 89873K, capacity 92671K, committed 92956K, reserved 1130496K
  class space    used 11791K, capacity 12836K, committed 12908K, reserved 1048576K
}
Event: 11.576 GC heap after
{Heap after GC invocations=17 (full 0):
 garbage-first heap   total 253952K, used 108502K [0x0000000080000000, 0x0000000100000000)
  region size 1024K, 9 young (9216K), 9 survivors (9216K)
 Metaspace       used 89873K, capacity 92671K, committed 92956K, reserved 1130496K
  class space    used 11791K, capacity 12836K, committed 12908K, reserved 1048576K
}
Event: 11.892 GC heap before
{Heap before GC invocations=17 (full 0):
 garbage-first heap   total 253952K, used 196566K [0x0000000080000000, 0x0000000100000000)
  region size 1024K, 96 young (98304K), 9 survivors (9216K)
 Metaspace       used 90239K, capacity 93051K, committed 93212K, reserved 1130496K
  class space    used 11831K, capacity 12902K, committed 12908K, reserved 1048576K
}
Event: 11.898 GC heap after
{Heap after GC invocations=18 (full 0):
 garbage-first heap   total 253952K, used 113648K [0x0000000080000000, 0x0000000100000000)
  region size 1024K, 8 young (8192K), 8 survivors (8192K)
 Metaspace       used 90239K, capacity 93051K, committed 93212K, reserved 1130496K
  class space    used 11831K, capacity 12902K, committed 12908K, reserved 1048576K
}
Event: 12.226 GC heap before
{Heap before GC invocations=18 (full 0):
 garbage-first heap   total 253952K, used 199664K [0x0000000080000000, 0x0000000100000000)
  region size 1024K, 93 young (95232K), 8 survivors (8192K)
 Metaspace       used 92145K, capacity 94973K, committed 95260K, reserved 1132544K
  class space    used 12036K, capacity 13121K, committed 13164K, reserved 1048576K
}
Event: 12.231 GC heap after
{Heap after GC invocations=19 (full 0):
 garbage-first heap   total 253952K, used 117063K [0x0000000080000000, 0x0000000100000000)
  region size 1024K, 6 young (6144K), 6 survivors (6144K)
 Metaspace       used 92145K, capacity 94973K, committed 95260K, reserved 1132544K
  class space    used 12036K, capacity 13121K, committed 13164K, reserved 1048576K
}
Event: 12.430 GC heap before
{Heap before GC invocations=19 (full 0):
 garbage-first heap   total 253952K, used 202055K [0x0000000080000000, 0x0000000100000000)
  region size 1024K, 90 young (92160K), 6 survivors (6144K)
 Metaspace       used 93250K, capacity 96176K, committed 96540K, reserved 1132544K
  class space    used 12179K, capacity 13284K, committed 13420K, reserved 1048576K
}
Event: 12.434 GC heap after
{Heap after GC invocations=20 (full 0):
 garbage-first heap   total 253952K, used 120255K [0x0000000080000000, 0x0000000100000000)
  region size 1024K, 10 young (10240K), 10 survivors (10240K)
 Metaspace       used 93250K, capacity 96176K, committed 96540K, reserved 1132544K
  class space    used 12179K, capacity 13284K, committed 13420K, reserved 1048576K
}
Event: 25.241 GC heap before
{Heap before GC invocations=20 (full 0):
 garbage-first heap   total 253952K, used 177599K [0x0000000080000000, 0x0000000100000000)
  region size 1024K, 66 young (67584K), 10 survivors (10240K)
 Metaspace       used 97072K, capacity 100227K, committed 100380K, reserved 1136640K
  class space    used 12681K, capacity 13844K, committed 13932K, reserved 1048576K
}
Event: 25.248 GC heap after
{Heap after GC invocations=21 (full 0):
 garbage-first heap   total 253952K, used 125821K [0x0000000080000000, 0x0000000100000000)
  region size 1024K, 10 young (10240K), 10 survivors (10240K)
 Metaspace       used 97072K, capacity 100227K, committed 100380K, reserved 1136640K
  class space    used 12681K, capacity 13844K, committed 13932K, reserved 1048576K
}
Event: 25.391 GC heap before
{Heap before GC invocations=22 (full 0):
 garbage-first heap   total 253952K, used 136061K [0x0000000080000000, 0x0000000100000000)
  region size 1024K, 18 young (18432K), 10 survivors (10240K)
 Metaspace       used 97431K, capacity 100389K, committed 101276K, reserved 1136640K
  class space    used 12654K, capacity 13734K, committed 14060K, reserved 1048576K
}
Event: 25.397 GC heap after
{Heap after GC invocations=23 (full 0):
 garbage-first heap   total 253952K, used 130138K [0x0000000080000000, 0x0000000100000000)
  region size 1024K, 6 young (6144K), 6 survivors (6144K)
 Metaspace       used 97431K, capacity 100389K, committed 101276K, reserved 1136640K
  class space    used 12654K, capacity 13734K, committed 14060K, reserved 1048576K
}

Deoptimization events (20 events):
Event: 25.933 Thread 0x000001abf617f800 DEOPT PACKING pc=0x000001abe4d305cc sp=0x00000082762faad0
Event: 25.933 Thread 0x000001abf617f800 DEOPT UNPACKING pc=0x000001abdcc8a1af sp=0x00000082762faa68 mode 2
Event: 26.020 Thread 0x000001abfbd4b000 Uncommon trap: trap_request=0xffffff4d fr.pc=0x000001abe4da2410 relative=0x0000000000000690
Event: 26.020 Thread 0x000001abfbd4b000 Uncommon trap: reason=unstable_if action=reinterpret pc=0x000001abe4da2410 method=com.esotericsoftware.kryo.io.Input.require(I)I @ 180 c2
Event: 26.020 Thread 0x000001abfbd4b000 DEOPT PACKING pc=0x000001abe4da2410 sp=0x00000082003feb00
Event: 26.020 Thread 0x000001abfbd4b000 DEOPT UNPACKING pc=0x000001abdcc8a1af sp=0x00000082003fea38 mode 2
Event: 32.073 Thread 0x000001abf617f800 Uncommon trap: trap_request=0xffffffc6 fr.pc=0x000001abe4a37a98 relative=0x0000000000000a78
Event: 32.073 Thread 0x000001abf617f800 Uncommon trap: reason=bimorphic_or_optimized_type_check action=maybe_recompile pc=0x000001abe4a37a98 method=java.util.stream.MatchOps$MatchOp.evaluateSequential(Ljava/util/stream/PipelineHelper;Ljava/util/Spliterator;)Ljava/lang/Boolean; @ 14 c2
Event: 32.073 Thread 0x000001abf617f800 DEOPT PACKING pc=0x000001abe4a37a98 sp=0x00000082762fb8c0
Event: 32.073 Thread 0x000001abf617f800 DEOPT UNPACKING pc=0x000001abdcc8a1af sp=0x00000082762fb808 mode 2
Event: 32.139 Thread 0x000001abf617f800 Uncommon trap: trap_request=0xffffff4d fr.pc=0x000001abe4dbceb4 relative=0x0000000000000d34
Event: 32.139 Thread 0x000001abf617f800 Uncommon trap: reason=unstable_if action=reinterpret pc=0x000001abe4dbceb4 method=org.gradle.api.internal.artifacts.dependencies.DefaultImmutableVersionConstraint.<init>(Ljava/lang/String;Ljava/lang/String;Ljava/lang/String;Ljava/util/List;Ljava/lang/Stri
Event: 32.139 Thread 0x000001abf617f800 DEOPT PACKING pc=0x000001abe4dbceb4 sp=0x00000082762f89a0
Event: 32.139 Thread 0x000001abf617f800 DEOPT UNPACKING pc=0x000001abdcc8a1af sp=0x00000082762f88e8 mode 2
Event: 32.155 Thread 0x000001abf617f800 DEOPT PACKING pc=0x000001abdea41bbb sp=0x00000082762f7de0
Event: 32.155 Thread 0x000001abf617f800 DEOPT UNPACKING pc=0x000001abdcc8a95e sp=0x00000082762f7320 mode 0
Event: 32.197 Thread 0x000001abf617f800 DEOPT PACKING pc=0x000001abdea41bbb sp=0x00000082762f7de0
Event: 32.197 Thread 0x000001abf617f800 DEOPT UNPACKING pc=0x000001abdcc8a95e sp=0x00000082762f7320 mode 0
Event: 32.228 Thread 0x000001abf617f800 DEOPT PACKING pc=0x000001abdea41bbb sp=0x00000082762f7de0
Event: 32.228 Thread 0x000001abf617f800 DEOPT UNPACKING pc=0x000001abdcc8a95e sp=0x00000082762f7320 mode 0

Classes redefined (0 events):
No events

Internal exceptions (20 events):
Event: 14.212 Thread 0x000001abf5b1a800 Exception <a 'java/lang/NoSuchMethodError'{0x000000008c5f6450}: <clinit>> (0x000000008c5f6450) thrown at [src/hotspot/share/prims/jni.cpp, line 1367]
Event: 14.213 Thread 0x000001abf5b1a800 Exception <a 'java/lang/NoSuchMethodError'{0x000000008c408db0}: <clinit>> (0x000000008c408db0) thrown at [src/hotspot/share/prims/jni.cpp, line 1367]
Event: 14.214 Thread 0x000001abf5b1a800 Exception <a 'java/lang/NoSuchMethodError'{0x000000008c414f20}: <clinit>> (0x000000008c414f20) thrown at [src/hotspot/share/prims/jni.cpp, line 1367]
Event: 14.219 Thread 0x000001abf5b1a800 Exception <a 'java/lang/NoSuchMethodError'{0x000000008c42afa8}: <clinit>> (0x000000008c42afa8) thrown at [src/hotspot/share/prims/jni.cpp, line 1367]
Event: 14.221 Thread 0x000001abf5b1a800 Exception <a 'java/lang/NoSuchMethodError'{0x000000008c445880}: <clinit>> (0x000000008c445880) thrown at [src/hotspot/share/prims/jni.cpp, line 1367]
Event: 14.222 Thread 0x000001abf5b1a800 Exception <a 'java/lang/NoSuchMethodError'{0x000000008c454430}: <clinit>> (0x000000008c454430) thrown at [src/hotspot/share/prims/jni.cpp, line 1367]
Event: 21.874 Thread 0x000001abf5ae2800 Implicit null exception at 0x000001abe4b7c594 to 0x000001abe4b7cbf0
Event: 21.874 Thread 0x000001abf5ae2800 Implicit null exception at 0x000001abe4afe994 to 0x000001abe4afefe0
Event: 25.184 Thread 0x000001abfbd4b000 Exception <a 'java/lang/NoSuchMethodError'{0x000000008c337ad0}: <clinit>> (0x000000008c337ad0) thrown at [src/hotspot/share/prims/jni.cpp, line 1367]
Event: 25.196 Thread 0x000001abf617f800 Implicit null exception at 0x000001abe4e36f8f to 0x000001abe4e3744c
Event: 25.240 Thread 0x000001abf617f800 Exception <a 'java/lang/NoSuchMethodError'{0x000000008c0ac6d8}: <clinit>> (0x000000008c0ac6d8) thrown at [src/hotspot/share/prims/jni.cpp, line 1367]
Event: 25.276 Thread 0x000001abf617f800 Exception <a 'java/lang/NoSuchMethodError'{0x000000008f617400}: <clinit>> (0x000000008f617400) thrown at [src/hotspot/share/prims/jni.cpp, line 1367]
Event: 25.276 Thread 0x000001abf617f800 Exception <a 'java/lang/NoSuchMethodError'{0x000000008f619e38}: <clinit>> (0x000000008f619e38) thrown at [src/hotspot/share/prims/jni.cpp, line 1367]
Event: 25.276 Thread 0x000001abf617f800 Exception <a 'java/lang/NoSuchMethodError'{0x000000008f61b440}: <clinit>> (0x000000008f61b440) thrown at [src/hotspot/share/prims/jni.cpp, line 1367]
Event: 25.276 Thread 0x000001abf617f800 Exception <a 'java/lang/NoSuchMethodError'{0x000000008f61c9d8}: <clinit>> (0x000000008f61c9d8) thrown at [src/hotspot/share/prims/jni.cpp, line 1367]
Event: 25.276 Thread 0x000001abf617f800 Exception <a 'java/lang/NoSuchMethodError'{0x000000008f61de90}: <clinit>> (0x000000008f61de90) thrown at [src/hotspot/share/prims/jni.cpp, line 1367]
Event: 25.277 Thread 0x000001abf617f800 Exception <a 'java/lang/NoSuchMethodError'{0x000000008f61f280}: <clinit>> (0x000000008f61f280) thrown at [src/hotspot/share/prims/jni.cpp, line 1367]
Event: 25.277 Thread 0x000001abf617f800 Exception <a 'java/lang/NoSuchMethodError'{0x000000008f620510}: <clinit>> (0x000000008f620510) thrown at [src/hotspot/share/prims/jni.cpp, line 1367]
Event: 25.415 Thread 0x000001abf617f800 Exception <a 'java/lang/NoSuchMethodError'{0x000000008f746b68}: 'java.lang.Object java.lang.invoke.DirectMethodHandle$Holder.invokeStatic(java.lang.Object, java.lang.Object, java.lang.Object, int, java.lang.Object)'> (0x000000008f746b68) thrown at [src/hotspot/share/interpreter/linkResolver.cpp, line 773]
Event: 25.689 Thread 0x000001abf617f800 Exception <a 'sun/nio/fs/WindowsException'{0x000000008d9e1750}> (0x000000008d9e1750) thrown at [src/hotspot/share/prims/jni.cpp, line 617]

Events (20 events):
Event: 32.061 Thread 0x000001abfbd4b000 Thread added: 0x000001abfbd4b000
Event: 32.063 Thread 0x000001abfbd45800 Thread added: 0x000001abfbd45800
Event: 32.069 Thread 0x000001abfbd4c000 Thread added: 0x000001abfbd4c000
Event: 32.070 Thread 0x000001abfbd4a000 Thread added: 0x000001abfbd4a000
Event: 32.070 Thread 0x000001abfbd49800 Thread added: 0x000001abfbd49800
Event: 32.081 Thread 0x000001ab80e33000 Thread added: 0x000001ab80e33000
Event: 32.081 Thread 0x000001ab80e31000 Thread added: 0x000001ab80e31000
Event: 32.083 Thread 0x000001abfbd4c800 Thread added: 0x000001abfbd4c800
Event: 32.085 Thread 0x000001abfbd47000 Thread added: 0x000001abfbd47000
Event: 32.088 Thread 0x000001abfbd48800 Thread added: 0x000001abfbd48800
Event: 32.091 Thread 0x000001abfbd4d800 Thread added: 0x000001abfbd4d800
Event: 32.096 Thread 0x000001abf434f800 flushing nmethod 0x000001abe476ca90
Event: 32.096 Thread 0x000001abf434f800 flushing nmethod 0x000001abe4787890
Event: 32.100 Thread 0x000001abf434f800 flushing nmethod 0x000001abdd1e0010
Event: 32.100 Thread 0x000001abf434f800 flushing nmethod 0x000001abdd1e0d90
Event: 32.101 Thread 0x000001abfbd47800 Thread added: 0x000001abfbd47800
Event: 32.102 Thread 0x000001abf434f800 flushing nmethod 0x000001abdd583790
Event: 32.137 Thread 0x000001abfbd52800 Thread added: 0x000001abfbd52800
Event: 32.237 Executing VM operation: ICBufferFull
Event: 32.237 Executing VM operation: ICBufferFull done


Dynamic libraries:
0x00007ff7ecef0000 - 0x00007ff7ecefa000 	C:\Users\Abel Agustian\AppData\Local\JetBrains\Toolbox\apps\AndroidStudio\ch-0\221.6008.13.2211.9619390\jbr\bin\java.exe
0x00007ffed5270000 - 0x00007ffed5484000 	C:\WINDOWS\SYSTEM32\ntdll.dll
0x00007ffed4aa0000 - 0x00007ffed4b62000 	C:\WINDOWS\System32\KERNEL32.DLL
0x00007ffed2cc0000 - 0x00007ffed3063000 	C:\WINDOWS\System32\KERNELBASE.dll
0x00007ffed2910000 - 0x00007ffed2a21000 	C:\WINDOWS\System32\ucrtbase.dll
0x00007ffec06a0000 - 0x00007ffec06b7000 	C:\Users\Abel Agustian\AppData\Local\JetBrains\Toolbox\apps\AndroidStudio\ch-0\221.6008.13.2211.9619390\jbr\bin\jli.dll
0x00007ffec03e0000 - 0x00007ffec03fb000 	C:\Users\Abel Agustian\AppData\Local\JetBrains\Toolbox\apps\AndroidStudio\ch-0\221.6008.13.2211.9619390\jbr\bin\VCRUNTIME140.dll
0x00007ffed3170000 - 0x00007ffed331b000 	C:\WINDOWS\System32\USER32.dll
0x00007ffebe520000 - 0x00007ffebe7ae000 	C:\WINDOWS\WinSxS\amd64_microsoft.windows.common-controls_6595b64144ccf1df_6.0.22621.1635_none_270f70857386168e\COMCTL32.dll
0x00007ffed27b0000 - 0x00007ffed27d6000 	C:\WINDOWS\System32\win32u.dll
0x00007ffed4660000 - 0x00007ffed4689000 	C:\WINDOWS\System32\GDI32.dll
0x00007ffed30b0000 - 0x00007ffed3157000 	C:\WINDOWS\System32\msvcrt.dll
0x00007ffed2a30000 - 0x00007ffed2b48000 	C:\WINDOWS\System32\gdi32full.dll
0x00007ffed2710000 - 0x00007ffed27aa000 	C:\WINDOWS\System32\msvcp_win.dll
0x00007ffed3070000 - 0x00007ffed30a1000 	C:\WINDOWS\System32\IMM32.DLL
0x00007ffecf9b0000 - 0x00007ffecf9bc000 	C:\Users\Abel Agustian\AppData\Local\JetBrains\Toolbox\apps\AndroidStudio\ch-0\221.6008.13.2211.9619390\jbr\bin\vcruntime140_1.dll
0x00007ffe93b60000 - 0x00007ffe93bed000 	C:\Users\Abel Agustian\AppData\Local\JetBrains\Toolbox\apps\AndroidStudio\ch-0\221.6008.13.2211.9619390\jbr\bin\msvcp140.dll
0x00007ffe7cba0000 - 0x00007ffe7d75c000 	C:\Users\Abel Agustian\AppData\Local\JetBrains\Toolbox\apps\AndroidStudio\ch-0\221.6008.13.2211.9619390\jbr\bin\server\jvm.dll
0x00007ffed43f0000 - 0x00007ffed449e000 	C:\WINDOWS\System32\ADVAPI32.dll
0x00007ffed3da0000 - 0x00007ffed3e44000 	C:\WINDOWS\System32\sechost.dll
0x00007ffed3e50000 - 0x00007ffed3f67000 	C:\WINDOWS\System32\RPCRT4.dll
0x00007ffed3d10000 - 0x00007ffed3d18000 	C:\WINDOWS\System32\PSAPI.DLL
0x00007ffecfa70000 - 0x00007ffecfa79000 	C:\WINDOWS\SYSTEM32\WSOCK32.dll
0x00007ffecbf60000 - 0x00007ffecbf94000 	C:\WINDOWS\SYSTEM32\WINMM.dll
0x00007ffecac20000 - 0x00007ffecac2a000 	C:\WINDOWS\SYSTEM32\VERSION.dll
0x00007ffed5190000 - 0x00007ffed5201000 	C:\WINDOWS\System32\WS2_32.dll
0x00007ffed16e0000 - 0x00007ffed16f8000 	C:\WINDOWS\SYSTEM32\kernel.appcore.dll
0x00007ffecfa60000 - 0x00007ffecfa70000 	C:\Users\Abel Agustian\AppData\Local\JetBrains\Toolbox\apps\AndroidStudio\ch-0\221.6008.13.2211.9619390\jbr\bin\verify.dll
0x00007ffec2e20000 - 0x00007ffec304e000 	C:\WINDOWS\SYSTEM32\DBGHELP.DLL
0x00007ffed46f0000 - 0x00007ffed4a79000 	C:\WINDOWS\System32\combase.dll
0x00007ffed4c20000 - 0x00007ffed4cf7000 	C:\WINDOWS\System32\OLEAUT32.dll
0x00007ffebce80000 - 0x00007ffebceb2000 	C:\WINDOWS\SYSTEM32\dbgcore.DLL
0x00007ffed2690000 - 0x00007ffed270b000 	C:\WINDOWS\System32\bcryptPrimitives.dll
0x00007ffec5910000 - 0x00007ffec5938000 	C:\Users\Abel Agustian\AppData\Local\JetBrains\Toolbox\apps\AndroidStudio\ch-0\221.6008.13.2211.9619390\jbr\bin\java.dll
0x00007ffecf9a0000 - 0x00007ffecf9aa000 	C:\Users\Abel Agustian\AppData\Local\JetBrains\Toolbox\apps\AndroidStudio\ch-0\221.6008.13.2211.9619390\jbr\bin\jimage.dll
0x00007ffecdce0000 - 0x00007ffecdcf8000 	C:\Users\Abel Agustian\AppData\Local\JetBrains\Toolbox\apps\AndroidStudio\ch-0\221.6008.13.2211.9619390\jbr\bin\zip.dll
0x00007ffed3370000 - 0x00007ffed3b6a000 	C:\WINDOWS\System32\SHELL32.dll
0x00007ffed0690000 - 0x00007ffed0f5e000 	C:\WINDOWS\SYSTEM32\windows.storage.dll
0x00007ffed0550000 - 0x00007ffed068e000 	C:\WINDOWS\SYSTEM32\wintypes.dll
0x00007ffed4de0000 - 0x00007ffed4ed1000 	C:\WINDOWS\System32\SHCORE.dll
0x00007ffed4d80000 - 0x00007ffed4dde000 	C:\WINDOWS\System32\shlwapi.dll
0x00007ffed25c0000 - 0x00007ffed25e1000 	C:\WINDOWS\SYSTEM32\profapi.dll
0x00007ffecd0c0000 - 0x00007ffecd0d9000 	C:\Users\Abel Agustian\AppData\Local\JetBrains\Toolbox\apps\AndroidStudio\ch-0\221.6008.13.2211.9619390\jbr\bin\net.dll
0x00007ffecbab0000 - 0x00007ffecbbe7000 	C:\WINDOWS\SYSTEM32\WINHTTP.dll
0x00007ffed1b50000 - 0x00007ffed1bb9000 	C:\WINDOWS\system32\mswsock.dll
0x00007ffec58d0000 - 0x00007ffec58e3000 	C:\Users\Abel Agustian\AppData\Local\JetBrains\Toolbox\apps\AndroidStudio\ch-0\221.6008.13.2211.9619390\jbr\bin\nio.dll
0x00007ffec1c20000 - 0x00007ffec1c47000 	C:\Users\Abel Agustian\.gradle\native\e1d6ef7f7dcc3fd88c89a11ec53ec762bb8ba0a96d01ffa2cd45eb1d1d8dd5c5\windows-amd64\native-platform.dll
0x00007ffe8f620000 - 0x00007ffe8f764000 	C:\Users\Abel Agustian\.gradle\native\0d407fdbe67a94daf76414ababcb853783967236a71b16ec16e742cd7a986fd3\windows-amd64\native-platform-file-events.dll
0x00007ffecdc40000 - 0x00007ffecdc4a000 	C:\Users\Abel Agustian\AppData\Local\JetBrains\Toolbox\apps\AndroidStudio\ch-0\221.6008.13.2211.9619390\jbr\bin\management.dll
0x00007ffecc060000 - 0x00007ffecc06b000 	C:\Users\Abel Agustian\AppData\Local\JetBrains\Toolbox\apps\AndroidStudio\ch-0\221.6008.13.2211.9619390\jbr\bin\management_ext.dll
0x00007ffed1db0000 - 0x00007ffed1dcb000 	C:\WINDOWS\SYSTEM32\CRYPTSP.dll
0x00007ffed1650000 - 0x00007ffed1685000 	C:\WINDOWS\system32\rsaenh.dll
0x00007ffed1c50000 - 0x00007ffed1c78000 	C:\WINDOWS\SYSTEM32\USERENV.dll
0x00007ffed1f50000 - 0x00007ffed1f78000 	C:\WINDOWS\SYSTEM32\bcrypt.dll
0x00007ffed1dd0000 - 0x00007ffed1ddc000 	C:\WINDOWS\SYSTEM32\CRYPTBASE.dll
0x00007ffed11c0000 - 0x00007ffed11ed000 	C:\WINDOWS\SYSTEM32\IPHLPAPI.DLL
0x00007ffed3d20000 - 0x00007ffed3d29000 	C:\WINDOWS\System32\NSI.dll
0x00007ffecb900000 - 0x00007ffecb919000 	C:\WINDOWS\SYSTEM32\dhcpcsvc6.DLL
0x00007ffecb8e0000 - 0x00007ffecb8ff000 	C:\WINDOWS\SYSTEM32\dhcpcsvc.DLL
0x00007ffed1230000 - 0x00007ffed1323000 	C:\WINDOWS\SYSTEM32\DNSAPI.dll
0x00007ffeab050000 - 0x00007ffeab067000 	C:\WINDOWS\system32\napinsp.dll
0x00007ffea99d0000 - 0x00007ffea99eb000 	C:\WINDOWS\system32\pnrpnsp.dll
0x00007ffea96f0000 - 0x00007ffea9701000 	C:\WINDOWS\System32\winrnr.dll
0x00007ffeab0c0000 - 0x00007ffeab0d5000 	C:\WINDOWS\system32\wshbth.dll
0x00007ffea96c0000 - 0x00007ffea96e1000 	C:\WINDOWS\system32\nlansp_c.dll
0x00007ffec6fb0000 - 0x00007ffec6fba000 	C:\Windows\System32\rasadhlp.dll
0x00007ffecab90000 - 0x00007ffecac14000 	C:\WINDOWS\System32\fwpuclnt.dll

dbghelp: loaded successfully - version: 4.0.5 - missing functions: none
symbol engine: initialized successfully - sym options: 0x614 - pdb path: .;C:\Users\Abel Agustian\AppData\Local\JetBrains\Toolbox\apps\AndroidStudio\ch-0\221.6008.13.2211.9619390\jbr\bin;C:\WINDOWS\SYSTEM32;C:\WINDOWS\WinSxS\amd64_microsoft.windows.common-controls_6595b64144ccf1df_6.0.22621.1635_none_270f70857386168e;C:\Users\Abel Agustian\AppData\Local\JetBrains\Toolbox\apps\AndroidStudio\ch-0\221.6008.13.2211.9619390\jbr\bin\server;C:\Users\Abel Agustian\.gradle\native\e1d6ef7f7dcc3fd88c89a11ec53ec762bb8ba0a96d01ffa2cd45eb1d1d8dd5c5\windows-amd64;C:\Users\Abel Agustian\.gradle\native\0d407fdbe67a94daf76414ababcb853783967236a71b16ec16e742cd7a986fd3\windows-amd64

VM Arguments:
jvm_args: --add-opens=java.base/java.util=ALL-UNNAMED --add-opens=java.base/java.lang=ALL-UNNAMED --add-opens=java.base/java.lang.invoke=ALL-UNNAMED --add-opens=java.base/java.util=ALL-UNNAMED --add-opens=java.prefs/java.util.prefs=ALL-UNNAMED --add-opens=java.prefs/java.util.prefs=ALL-UNNAMED --add-opens=java.base/java.nio.charset=ALL-UNNAMED --add-opens=java.base/java.net=ALL-UNNAMED --add-opens=java.base/java.util.concurrent.atomic=ALL-UNNAMED -Xmx2048m -Dfile.encoding=UTF-8 -Duser.country=ID -Duser.language=en -Duser.variant 
java_command: org.gradle.launcher.daemon.bootstrap.GradleDaemon 7.5
java_class_path (initial): C:\Users\Abel Agustian\.gradle\wrapper\dists\gradle-7.5-bin\f1w0cc9nuo0eivz97x2xlu9sv\gradle-7.5\lib\gradle-launcher-7.5.jar
Launcher Type: SUN_STANDARD

[Global flags]
     intx CICompilerCount                          = 4                                         {product} {ergonomic}
     uint ConcGCThreads                            = 3                                         {product} {ergonomic}
     uint G1ConcRefinementThreads                  = 10                                        {product} {ergonomic}
   size_t G1HeapRegionSize                         = 1048576                                   {product} {ergonomic}
    uintx GCDrainStackTargetSize                   = 64                                        {product} {ergonomic}
   size_t InitialHeapSize                          = 260046848                                 {product} {ergonomic}
   size_t MarkStackSize                            = 4194304                                   {product} {ergonomic}
   size_t MaxHeapSize                              = 2147483648                                {product} {command line}
   size_t MaxNewSize                               = 1287651328                                {product} {ergonomic}
   size_t MinHeapDeltaBytes                        = 1048576                                   {product} {ergonomic}
    uintx NonNMethodCodeHeapSize                   = 5836300                                {pd product} {ergonomic}
    uintx NonProfiledCodeHeapSize                  = 122910970                              {pd product} {ergonomic}
    uintx ProfiledCodeHeapSize                     = 122910970                              {pd product} {ergonomic}
    uintx ReservedCodeCacheSize                    = 251658240                              {pd product} {ergonomic}
     bool SegmentedCodeCache                       = true                                      {product} {ergonomic}
     bool UseCompressedClassPointers               = true                                 {lp64_product} {ergonomic}
     bool UseCompressedOops                        = true                                 {lp64_product} {ergonomic}
     bool UseG1GC                                  = true                                      {product} {ergonomic}
     bool UseLargePagesIndividualAllocation        = false                                  {pd product} {ergonomic}

Logging:
Log output configuration:
 #0: stdout all=warning uptime,level,tags
 #1: stderr all=off uptime,level,tags

Environment Variables:
JAVA_HOME=C:\Program Files\Zulu\zulu-8
PATH=C:\Program Files (x86)\Common Files\Oracle\Java\javapath;C:\Windows\system32;C:\Windows;C:\Windows\System32\Wbem;C:\Windows\System32\WindowsPowerShell\v1.0\;C:\Windows\System32\OpenSSH\;C:\Program Files\Git\cmd;C:\Program Files\Microsoft SQL Server\150\Tools\Binn\;C:\Program Files\Microsoft SQL Server\Client SDK\ODBC\170\Tools\Binn\;C:\Program Files (x86)\Microsoft SQL Server\150\Tools\Binn\;C:\Program Files\Microsoft SQL Server\150\DTS\Binn\;C:\Program Files (x86)\Microsoft SQL Server\150\DTS\Binn\;C:\Program Files\Azure Data Studio\bin;C:\Program Files\Polyspace\R2021a\bin;C:\Program Files\nodejs\;C:\Program Files\Zulu\zulu-8\bin;C:\Gradle\gradle-7.0\bin;;C:\WINDOWS\system32;C:\WINDOWS;C:\WINDOWS\System32\Wbem;C:\WINDOWS\System32\WindowsPowerShell\v1.0\;C:\WINDOWS\System32\OpenSSH\;C:\Program Files\Cloudflare\Cloudflare WARP\;C:\Users\Abel Agustian\AppData\Local\Programs\Python\Python310\Scripts\;C:\Users\Abel Agustian\AppData\Local\Programs\Python\Python310\;C:\Users\Abel Agustian\AppData\Local\Microsoft\WindowsApps;C:\Users\Abel Agustian\AppData\Local\Programs\Microsoft VS Code\bin;C:\Program Files\Azure Data Studio\bin;C:\Program Files (x86)\Dev-Cpp\MinGW64\bin;C:\Program Files\SDCC\bin;C:\Program Files\JetBrains\IntelliJ IDEA Community Edition 2022.3.2\bin;C:\Program Files\JetBrains\IntelliJ IDEA 2022.3.2\bin;C:\Users\Abel Agustian\AppData\Roaming\npm;C:\Users\Abel Agustian\AppData\Local\JetBrains\Toolbox\scripts;C:\Users\Abel Agustian\AppData\Local\GitHubDesktop\bin;%USERPROFILE%\AppData\Local\Microsoft\WindowsApps;
USERNAME=Abel Agustian
OS=Windows_NT
PROCESSOR_IDENTIFIER=AMD64 Family 23 Model 96 Stepping 1, AuthenticAMD



---------------  S Y S T E M  ---------------

OS: Windows 11 , 64 bit Build 22621 (10.0.22621.1635)
OS uptime: 2 days 20:59 hours

CPU:total 12 (initial active 12) (12 cores per cpu, 2 threads per core) family 23 model 96 stepping 1 microcode 0x0, cmov, cx8, fxsr, mmx, sse, sse2, sse3, ssse3, sse4.1, sse4.2, popcnt, avx, avx2, aes, clmul, mmxext, 3dnowpref, lzcnt, sse4a, ht, tsc, tscinvbit, tscinv, bmi1, bmi2, adx, sha, fma

Memory: 4k page, system-wide physical 15791M (627M free)
TotalPageFile size 64943M (AvailPageFile size 5M)
current process WorkingSet (physical memory assigned to process): 530M, peak: 565M
current process commit charge ("private bytes"): 574M, peak: 610M

vm_info: OpenJDK 64-Bit Server VM (11.0.15+0-b2043.56-9505619) for windows-amd64 JRE (11.0.15+0-b2043.56-9505619), built on Jan 19 2023 02:48:00 by "builduser" with unknown MS VC++:1929

END.
